2.1.2024, 15:12:26 - INFO - server.js loaded... 
2.1.2024, 15:12:26 - INFO - Server listening on port http://127.0.0.1:3030/ 
2.1.2024, 15:13:55 - INFO - server.js loaded... 
2.1.2024, 15:13:56 - INFO - Server listening on port http://127.0.0.1:3030/ 
2.1.2024, 15:30:13 - INFO - server.js loaded... 
2.1.2024, 15:30:13 - INFO - Server listening on port http://127.0.0.1:3030/ 
2.1.2024, 15:30:21 - INFO - server.js loaded... 
2.1.2024, 15:30:21 - INFO - Server listening on port http://127.0.0.1:3030/ 
2.1.2024, 15:30:37 - INFO - server.js loaded... 
2.1.2024, 15:30:37 - INFO - Server listening on port http://127.0.0.1:3030/ 
2.1.2024, 15:35:31 - INFO - server.js loaded... 
2.1.2024, 15:35:31 - INFO - Server listening on port http://127.0.0.1:3030/ 
2.1.2024, 15:35:59 - INFO - server.js loaded... 
2.1.2024, 15:35:59 - INFO - Server listening on port http://127.0.0.1:3030/ 
2.1.2024, 15:36:05 - INFO - Req was made | / 
2.1.2024, 15:59:05 - INFO - Req was made | / 
2.1.2024, 16:01:19 - INFO - Req was made | / 
2.1.2024, 16:02:25 - INFO - Req was made | / 
2.1.2024, 16:10:59 - INFO - Req was made | / 
2.1.2024, 16:13:02 - INFO - New connected socket [id: N7ZCdF_R8ELLEoPvAAAB] 
2.1.2024, 16:13:02 - INFO - Setting socket.userId = 6592f524305b6c244dd43cf7 for socket [id: N7ZCdF_R8ELLEoPvAAAB] 
2.1.2024, 16:13:02 - INFO - Req was made | / 
2.1.2024, 16:13:02 - INFO - Socket disconnected [id: undefined] 
2.1.2024, 16:13:03 - INFO - New connected socket [id: 2dgdSPMPUCK62TwdAAAD] 
2.1.2024, 16:13:03 - INFO - Req was made | / 
2.1.2024, 16:13:03 - INFO - Setting socket.userId = 6592f524305b6c244dd43cf7 for socket [id: 2dgdSPMPUCK62TwdAAAD] 
2.1.2024, 16:13:17 - INFO - Socket is leaving topic Love [id: 2dgdSPMPUCK62TwdAAAD] 
2.1.2024, 16:13:19 - INFO - Socket is leaving topic Politics [id: 2dgdSPMPUCK62TwdAAAD] 
2.1.2024, 16:13:20 - INFO - Socket is leaving topic Love [id: 2dgdSPMPUCK62TwdAAAD] 
2.1.2024, 16:13:46 - INFO - New connected socket [id: 4Etc1hNTjaq9F_IoAAAF] 
2.1.2024, 16:13:46 - INFO - Req was made | / 
2.1.2024, 16:13:59 - DEBUG - auth.service - login with username: dev 
2.1.2024, 16:13:59 - INFO - User login:  | {"_id":"65929bbb1a92dca186f8cac3","username":"dev","fullname":"Dev dav","isAdmin":true,"score":0} 
2.1.2024, 16:14:16 - INFO - Socket disconnected [id: undefined] 
2.1.2024, 16:14:17 - INFO - New connected socket [id: gcXklt909_x7XJ-WAAAH] 
2.1.2024, 16:14:17 - INFO - Setting socket.userId = 65929bbb1a92dca186f8cac3 for socket [id: gcXklt909_x7XJ-WAAAH] 
2.1.2024, 16:14:17 - INFO - Req was made | / 
2.1.2024, 16:17:09 - INFO - Socket is leaving topic Politics [id: 2dgdSPMPUCK62TwdAAAD] 
2.1.2024, 16:17:12 - INFO - New chat msg from socket [id: gcXklt909_x7XJ-WAAAH], emitting to topic Love 
2.1.2024, 16:17:51 - INFO - Socket is leaving topic Love [id: gcXklt909_x7XJ-WAAAH] 
2.1.2024, 16:18:07 - INFO - New chat msg from socket [id: gcXklt909_x7XJ-WAAAH], emitting to topic Politics 
2.1.2024, 16:18:11 - INFO - Socket is leaving topic Politics [id: gcXklt909_x7XJ-WAAAH] 
2.1.2024, 16:18:15 - INFO - New chat msg from socket [id: gcXklt909_x7XJ-WAAAH], emitting to topic Love 
2.1.2024, 16:18:24 - INFO - New chat msg from socket [id: gcXklt909_x7XJ-WAAAH], emitting to topic Love 
2.1.2024, 16:18:34 - INFO - Req was made | / 
2.1.2024, 16:18:34 - INFO - Req was made | / 
2.1.2024, 16:18:34 - INFO - Req was made | / 
2.1.2024, 16:18:36 - INFO - Req was made | / 
2.1.2024, 16:19:01 - INFO - New chat msg from socket [id: 2dgdSPMPUCK62TwdAAAD], emitting to topic Love 
2.1.2024, 16:20:46 - INFO - New chat msg from socket [id: 2dgdSPMPUCK62TwdAAAD], emitting to topic Love 
2.1.2024, 16:20:54 - INFO - New chat msg from socket [id: 2dgdSPMPUCK62TwdAAAD], emitting to topic Love 
2.1.2024, 16:46:09 - INFO - Socket disconnected [id: undefined] 
2.1.2024, 16:46:10 - INFO - New connected socket [id: sBk06Bjy1AeqNRoRAAAJ] 
2.1.2024, 16:46:10 - INFO - Req was made | / 
2.1.2024, 16:46:10 - INFO - Setting socket.userId = 6592f524305b6c244dd43cf7 for socket [id: sBk06Bjy1AeqNRoRAAAJ] 
2.1.2024, 16:46:51 - INFO - Socket disconnected [id: undefined] 
2.1.2024, 16:46:51 - INFO - New connected socket [id: uhF7xZQbVq195g6nAAAL] 
2.1.2024, 16:46:51 - INFO - Req was made | / 
2.1.2024, 16:46:51 - INFO - Setting socket.userId = 6592f524305b6c244dd43cf7 for socket [id: uhF7xZQbVq195g6nAAAL] 
2.1.2024, 16:47:33 - INFO - Req was made | / 
2.1.2024, 16:47:33 - INFO - Req was made | / 
2.1.2024, 16:48:32 - INFO - Socket disconnected [id: undefined] 
2.1.2024, 16:48:32 - INFO - Req was made | / 
2.1.2024, 16:48:32 - INFO - New connected socket [id: fvYNYlw03Uy1dXbtAAAN] 
2.1.2024, 16:48:32 - INFO - Setting socket.userId = 6592f524305b6c244dd43cf7 for socket [id: fvYNYlw03Uy1dXbtAAAN] 
2.1.2024, 16:48:42 - INFO - New chat msg from socket [id: fvYNYlw03Uy1dXbtAAAN], emitting to topic Love 
2.1.2024, 16:48:51 - INFO - New chat msg from socket [id: gcXklt909_x7XJ-WAAAH], emitting to topic Love 
2.1.2024, 16:57:21 - INFO - Socket disconnected [id: undefined] 
2.1.2024, 16:57:22 - INFO - Req was made | / 
2.1.2024, 16:57:22 - INFO - New connected socket [id: 90OkWFVgxXW95xLcAAAP] 
2.1.2024, 16:57:22 - INFO - Setting socket.userId = 6592f524305b6c244dd43cf7 for socket [id: 90OkWFVgxXW95xLcAAAP] 
2.1.2024, 16:57:22 - INFO - Socket disconnected [id: undefined] 
2.1.2024, 16:57:23 - INFO - New connected socket [id: GgYn5aG4yIHqWQMDAAAR] 
2.1.2024, 16:57:23 - INFO - Req was made | / 
2.1.2024, 16:57:23 - INFO - Setting socket.userId = 65929bbb1a92dca186f8cac3 for socket [id: GgYn5aG4yIHqWQMDAAAR] 
2.1.2024, 16:57:26 - INFO - Req was made | / 
2.1.2024, 16:57:27 - INFO - Req was made | / 
2.1.2024, 16:57:27 - INFO - Req was made | / 
2.1.2024, 16:57:30 - INFO - Req was made | / 
2.1.2024, 16:57:40 - INFO - New chat msg from socket [id: GgYn5aG4yIHqWQMDAAAR], emitting to topic Love 
2.1.2024, 16:57:48 - INFO - New chat msg from socket [id: GgYn5aG4yIHqWQMDAAAR], emitting to topic Love 
2.1.2024, 16:59:08 - INFO - Socket disconnected [id: undefined] 
2.1.2024, 16:59:09 - INFO - Req was made | / 
2.1.2024, 16:59:09 - INFO - New connected socket [id: pWcyffqOBp9tVSCJAAAT] 
2.1.2024, 16:59:09 - INFO - Setting socket.userId = 6592f524305b6c244dd43cf7 for socket [id: pWcyffqOBp9tVSCJAAAT] 
2.1.2024, 16:59:13 - INFO - Socket disconnected [id: undefined] 
2.1.2024, 16:59:13 - INFO - New connected socket [id: dl-6O9Q8eqHIFMnRAAAV] 
2.1.2024, 16:59:13 - INFO - Req was made | / 
2.1.2024, 16:59:13 - INFO - Setting socket.userId = 6592f524305b6c244dd43cf7 for socket [id: dl-6O9Q8eqHIFMnRAAAV] 
2.1.2024, 16:59:15 - INFO - Socket disconnected [id: undefined] 
2.1.2024, 16:59:15 - INFO - New connected socket [id: 7rasORZRSPbICt-_AAAX] 
2.1.2024, 16:59:15 - INFO - Req was made | / 
2.1.2024, 16:59:15 - INFO - Setting socket.userId = 65929bbb1a92dca186f8cac3 for socket [id: 7rasORZRSPbICt-_AAAX] 
2.1.2024, 16:59:19 - INFO - New chat msg from socket [id: 7rasORZRSPbICt-_AAAX], emitting to topic Love 
2.1.2024, 16:59:22 - INFO - New chat msg from socket [id: 7rasORZRSPbICt-_AAAX], emitting to topic Love 
2.1.2024, 16:59:24 - INFO - Socket is leaving topic Love [id: 7rasORZRSPbICt-_AAAX] 
2.1.2024, 16:59:26 - INFO - New chat msg from socket [id: 7rasORZRSPbICt-_AAAX], emitting to topic Politics 
2.1.2024, 16:59:31 - INFO - New chat msg from socket [id: dl-6O9Q8eqHIFMnRAAAV], emitting to topic Love 
2.1.2024, 16:59:36 - INFO - New chat msg from socket [id: 7rasORZRSPbICt-_AAAX], emitting to topic Politics 
2.1.2024, 16:59:40 - INFO - Socket is leaving topic Politics [id: 7rasORZRSPbICt-_AAAX] 
2.1.2024, 16:59:42 - INFO - New chat msg from socket [id: 7rasORZRSPbICt-_AAAX], emitting to topic Love 
2.1.2024, 17:00:38 - INFO - Req was made | / 
2.1.2024, 17:00:38 - INFO - Req was made | / 
2.1.2024, 17:02:13 - INFO - Socket is leaving topic Love [id: 7rasORZRSPbICt-_AAAX] 
2.1.2024, 17:02:13 - INFO - Socket is leaving topic Love [id: dl-6O9Q8eqHIFMnRAAAV] 
2.1.2024, 17:02:17 - INFO - Socket disconnected [id: undefined] 
2.1.2024, 17:02:17 - INFO - Req was made | / 
2.1.2024, 17:02:17 - INFO - New connected socket [id: O67AOHTYZN2FYXpsAAAZ] 
2.1.2024, 17:02:17 - INFO - Setting socket.userId = 6592f524305b6c244dd43cf7 for socket [id: O67AOHTYZN2FYXpsAAAZ] 
2.1.2024, 17:02:18 - INFO - Socket disconnected [id: undefined] 
2.1.2024, 17:02:18 - INFO - New connected socket [id: 3wguzteCEPrCHi6UAAAb] 
2.1.2024, 17:02:18 - INFO - Req was made | / 
2.1.2024, 17:02:18 - INFO - Setting socket.userId = 65929bbb1a92dca186f8cac3 for socket [id: 3wguzteCEPrCHi6UAAAb] 
2.1.2024, 17:02:23 - INFO - New chat msg from socket [id: O67AOHTYZN2FYXpsAAAZ], emitting to topic 65929842196c56fc60d4bb91 
2.1.2024, 17:02:29 - INFO - Req was made | / 
2.1.2024, 17:02:29 - INFO - Req was made | / 
2.1.2024, 17:02:29 - INFO - Req was made | / 
2.1.2024, 17:02:31 - INFO - Req was made | / 
2.1.2024, 17:02:31 - INFO - Socket is leaving topic 65929842196c56fc60d4bb95 [id: 3wguzteCEPrCHi6UAAAb] 
2.1.2024, 17:02:35 - INFO - New chat msg from socket [id: 3wguzteCEPrCHi6UAAAb], emitting to topic 65929842196c56fc60d4bb91 
2.1.2024, 17:05:52 - INFO - New connected socket [id: HtAQF1AZoD8s4vLYAAAe] 
2.1.2024, 17:05:52 - INFO - New connected socket [id: xBxXO5p63yMCvopwAAAf] 
2.1.2024, 17:05:52 - INFO - Setting socket.userId = 65929bbb1a92dca186f8cac3 for socket [id: HtAQF1AZoD8s4vLYAAAe] 
2.1.2024, 17:05:52 - INFO - Setting socket.userId = 6592f524305b6c244dd43cf7 for socket [id: xBxXO5p63yMCvopwAAAf] 
2.1.2024, 17:10:10 - INFO - New connected socket [id: pvWp_cv1w9GxuG0OAAAh] 
2.1.2024, 17:10:10 - INFO - New connected socket [id: pXdCx7MNZbyIXB9QAAAj] 
2.1.2024, 17:10:10 - INFO - Setting socket.userId = 65929bbb1a92dca186f8cac3 for socket [id: pvWp_cv1w9GxuG0OAAAh] 
2.1.2024, 17:10:10 - INFO - Setting socket.userId = 6592f524305b6c244dd43cf7 for socket [id: pXdCx7MNZbyIXB9QAAAj] 
2.1.2024, 17:36:09 - INFO - Socket disconnected [id: undefined] 
2.1.2024, 17:36:09 - INFO - Socket disconnected [id: undefined] 
2.1.2024, 17:36:09 - INFO - Socket disconnected [id: undefined] 
2.1.2024, 17:36:09 - INFO - New connected socket [id: 9MNU0mDXKRwSV7p8AAAl] 
2.1.2024, 17:36:09 - INFO - Req was made | / 
2.1.2024, 17:36:09 - INFO - Setting socket.userId = 6592f524305b6c244dd43cf7 for socket [id: 9MNU0mDXKRwSV7p8AAAl] 
2.1.2024, 17:36:10 - INFO - Socket disconnected [id: undefined] 
2.1.2024, 17:36:10 - INFO - Socket disconnected [id: undefined] 
2.1.2024, 17:36:10 - INFO - Socket disconnected [id: undefined] 
2.1.2024, 17:36:11 - INFO - New connected socket [id: yO76TFFmd_e91wG1AAAn] 
2.1.2024, 17:36:11 - INFO - Req was made | / 
2.1.2024, 17:36:11 - INFO - Setting socket.userId = 65929bbb1a92dca186f8cac3 for socket [id: yO76TFFmd_e91wG1AAAn] 
2.1.2024, 17:36:19 - INFO - New chat msg from socket [id: yO76TFFmd_e91wG1AAAn], emitting to topic 65929842196c56fc60d4bb91 
2.1.2024, 17:36:23 - INFO - New chat msg from socket [id: 9MNU0mDXKRwSV7p8AAAl], emitting to topic 65929842196c56fc60d4bb91 
2.1.2024, 17:51:07 - INFO - server.js loaded... 
2.1.2024, 17:51:07 - INFO - Server listening on port http://127.0.0.1:3030/ 
2.1.2024, 17:51:07 - INFO - New connected socket [id: DascFBpEvL4s7zxkAAAB] 
2.1.2024, 17:51:07 - INFO - New connected socket [id: 1J1mJi3j2ibMydpVAAAD] 
2.1.2024, 17:52:40 - INFO - New connected socket [id: sAqrxWz6MyC9UKZnAAAG] 
2.1.2024, 17:52:40 - INFO - New connected socket [id: d4kTNY5yuo7OmE_MAAAH] 
2.1.2024, 17:52:40 - INFO - Setting socket.userId = 65929bbb1a92dca186f8cac3 for socket [id: sAqrxWz6MyC9UKZnAAAG] 
2.1.2024, 17:52:40 - INFO - Setting socket.userId = 6592f524305b6c244dd43cf7 for socket [id: d4kTNY5yuo7OmE_MAAAH] 
2.1.2024, 17:55:00 - INFO - Socket disconnected [id: undefined] 
2.1.2024, 17:55:00 - INFO - Socket disconnected [id: undefined] 
2.1.2024, 17:55:01 - INFO - New connected socket [id: volJ9xGwgJWn5jL2AAAJ] 
2.1.2024, 17:55:01 - INFO - Setting socket.userId = 6592f524305b6c244dd43cf7 for socket [id: volJ9xGwgJWn5jL2AAAJ] 
2.1.2024, 17:55:01 - INFO - Req was made | / 
2.1.2024, 17:55:05 - INFO - chat-set-typing from socket [id: volJ9xGwgJWn5jL2AAAJ], on topic 65929842196c56fc60d4bb91 user Harry Potter 
2.1.2024, 17:55:05 - INFO - chat-set-typing from socket [id: volJ9xGwgJWn5jL2AAAJ], on topic 65929842196c56fc60d4bb91 user Harry Potter 
2.1.2024, 17:55:05 - INFO - chat-set-typing from socket [id: volJ9xGwgJWn5jL2AAAJ], on topic 65929842196c56fc60d4bb91 user Harry Potter 
2.1.2024, 17:55:05 - INFO - chat-set-typing from socket [id: volJ9xGwgJWn5jL2AAAJ], on topic 65929842196c56fc60d4bb91 user Harry Potter 
2.1.2024, 17:55:06 - INFO - chat-set-typing from socket [id: volJ9xGwgJWn5jL2AAAJ], on topic 65929842196c56fc60d4bb91 user Harry Potter 
2.1.2024, 17:55:07 - INFO - chat-set-typing from socket [id: volJ9xGwgJWn5jL2AAAJ], on topic 65929842196c56fc60d4bb91 user Harry Potter 
2.1.2024, 17:55:07 - INFO - chat-set-typing from socket [id: volJ9xGwgJWn5jL2AAAJ], on topic 65929842196c56fc60d4bb91 user Harry Potter 
2.1.2024, 17:55:09 - INFO - chat-set-typing from socket [id: volJ9xGwgJWn5jL2AAAJ], on topic 65929842196c56fc60d4bb91 user Harry Potter 
2.1.2024, 17:55:09 - INFO - chat-set-typing from socket [id: volJ9xGwgJWn5jL2AAAJ], on topic 65929842196c56fc60d4bb91 user Harry Potter 
2.1.2024, 18:12:34 - INFO - Socket disconnected [id: undefined] 
2.1.2024, 18:12:34 - INFO - New connected socket [id: 4XPvLZmu3MQwEodNAAAL] 
2.1.2024, 18:12:34 - INFO - Req was made | / 
2.1.2024, 18:12:34 - INFO - Setting socket.userId = 6592f524305b6c244dd43cf7 for socket [id: 4XPvLZmu3MQwEodNAAAL] 
2.1.2024, 18:20:25 - INFO - Socket disconnected [id: undefined] 
2.1.2024, 18:20:25 - INFO - New connected socket [id: c84OUOb-TyfbENdqAAAN] 
2.1.2024, 18:20:25 - INFO - Req was made | / 
2.1.2024, 18:20:25 - INFO - Setting socket.userId = 6592f524305b6c244dd43cf7 for socket [id: c84OUOb-TyfbENdqAAAN] 
2.1.2024, 18:20:32 - INFO - chat-set-typing from socket [id: c84OUOb-TyfbENdqAAAN], on topic 65929842196c56fc60d4bb91 user Harry Potter 
2.1.2024, 18:20:32 - INFO - chat-set-typing from socket [id: c84OUOb-TyfbENdqAAAN], on topic 65929842196c56fc60d4bb91 user Harry Potter 
2.1.2024, 18:20:33 - INFO - chat-set-typing from socket [id: c84OUOb-TyfbENdqAAAN], on topic 65929842196c56fc60d4bb91 user Harry Potter 
2.1.2024, 18:20:33 - INFO - chat-set-typing from socket [id: c84OUOb-TyfbENdqAAAN], on topic 65929842196c56fc60d4bb91 user Harry Potter 
2.1.2024, 18:20:33 - INFO - chat-set-typing from socket [id: c84OUOb-TyfbENdqAAAN], on topic 65929842196c56fc60d4bb91 user Harry Potter 
2.1.2024, 18:20:34 - INFO - chat-set-typing from socket [id: c84OUOb-TyfbENdqAAAN], on topic 65929842196c56fc60d4bb91 user Harry Potter 
2.1.2024, 18:20:34 - INFO - chat-set-typing from socket [id: c84OUOb-TyfbENdqAAAN], on topic 65929842196c56fc60d4bb91 user Harry Potter 
2.1.2024, 18:20:38 - INFO - chat-set-typing from socket [id: c84OUOb-TyfbENdqAAAN], on topic 65929842196c56fc60d4bb91 user Harry Potter 
2.1.2024, 18:20:38 - INFO - chat-set-typing from socket [id: c84OUOb-TyfbENdqAAAN], on topic 65929842196c56fc60d4bb91 user Harry Potter 
2.1.2024, 18:20:38 - INFO - chat-set-typing from socket [id: c84OUOb-TyfbENdqAAAN], on topic 65929842196c56fc60d4bb91 user Harry Potter 
2.1.2024, 18:20:38 - INFO - chat-set-typing from socket [id: c84OUOb-TyfbENdqAAAN], on topic 65929842196c56fc60d4bb91 user Harry Potter 
2.1.2024, 18:20:38 - INFO - chat-set-typing from socket [id: c84OUOb-TyfbENdqAAAN], on topic 65929842196c56fc60d4bb91 user Harry Potter 
2.1.2024, 18:20:39 - INFO - chat-set-typing from socket [id: c84OUOb-TyfbENdqAAAN], on topic 65929842196c56fc60d4bb91 user Harry Potter 
2.1.2024, 18:20:39 - INFO - chat-set-typing from socket [id: c84OUOb-TyfbENdqAAAN], on topic 65929842196c56fc60d4bb91 user Harry Potter 
2.1.2024, 18:20:39 - INFO - chat-set-typing from socket [id: c84OUOb-TyfbENdqAAAN], on topic 65929842196c56fc60d4bb91 user Harry Potter 
2.1.2024, 18:21:51 - INFO - Socket disconnected [id: undefined] 
2.1.2024, 18:21:51 - INFO - New connected socket [id: C6jmrdrWjx_gmpKtAAAP] 
2.1.2024, 18:21:51 - INFO - Req was made | / 
2.1.2024, 18:21:51 - INFO - Setting socket.userId = 6592f524305b6c244dd43cf7 for socket [id: C6jmrdrWjx_gmpKtAAAP] 
2.1.2024, 18:21:55 - INFO - Socket disconnected [id: undefined] 
2.1.2024, 18:21:55 - INFO - Socket disconnected [id: undefined] 
2.1.2024, 18:21:55 - INFO - New connected socket [id: lEOeB1j8KU0BoJwjAAAR] 
2.1.2024, 18:21:55 - INFO - Req was made | / 
2.1.2024, 18:21:55 - INFO - Setting socket.userId = 65929bbb1a92dca186f8cac3 for socket [id: lEOeB1j8KU0BoJwjAAAR] 
2.1.2024, 18:22:02 - INFO - chat-set-typing from socket [id: C6jmrdrWjx_gmpKtAAAP], on topic 65929842196c56fc60d4bb91 user Harry Potter 
2.1.2024, 18:22:02 - INFO - chat-set-typing from socket [id: C6jmrdrWjx_gmpKtAAAP], on topic 65929842196c56fc60d4bb91 user Harry Potter 
2.1.2024, 18:22:03 - INFO - chat-set-typing from socket [id: C6jmrdrWjx_gmpKtAAAP], on topic 65929842196c56fc60d4bb91 user Harry Potter 
2.1.2024, 18:22:04 - INFO - chat-set-typing from socket [id: C6jmrdrWjx_gmpKtAAAP], on topic 65929842196c56fc60d4bb91 user Harry Potter 
2.1.2024, 18:22:04 - INFO - chat-set-typing from socket [id: C6jmrdrWjx_gmpKtAAAP], on topic 65929842196c56fc60d4bb91 user Harry Potter 
2.1.2024, 18:22:04 - INFO - chat-set-typing from socket [id: C6jmrdrWjx_gmpKtAAAP], on topic 65929842196c56fc60d4bb91 user Harry Potter 
2.1.2024, 18:22:04 - INFO - chat-set-typing from socket [id: C6jmrdrWjx_gmpKtAAAP], on topic 65929842196c56fc60d4bb91 user Harry Potter 
2.1.2024, 18:22:05 - INFO - chat-set-typing from socket [id: C6jmrdrWjx_gmpKtAAAP], on topic 65929842196c56fc60d4bb91 user Harry Potter 
2.1.2024, 18:22:05 - INFO - chat-set-typing from socket [id: C6jmrdrWjx_gmpKtAAAP], on topic 65929842196c56fc60d4bb91 user Harry Potter 
2.1.2024, 18:22:07 - INFO - chat-set-typing from socket [id: C6jmrdrWjx_gmpKtAAAP], on topic 65929842196c56fc60d4bb91 user Harry Potter 
2.1.2024, 18:22:08 - INFO - chat-set-typing from socket [id: C6jmrdrWjx_gmpKtAAAP], on topic 65929842196c56fc60d4bb91 user Harry Potter 
2.1.2024, 18:22:09 - INFO - chat-set-typing from socket [id: C6jmrdrWjx_gmpKtAAAP], on topic 65929842196c56fc60d4bb91 user Harry Potter 
2.1.2024, 18:22:09 - INFO - chat-set-typing from socket [id: C6jmrdrWjx_gmpKtAAAP], on topic 65929842196c56fc60d4bb91 user Harry Potter 
2.1.2024, 18:22:45 - INFO - Socket disconnected [id: undefined] 
2.1.2024, 18:22:45 - INFO - New connected socket [id: rt4hXE88EZMtJ7e_AAAT] 
2.1.2024, 18:22:45 - INFO - Req was made | / 
2.1.2024, 18:22:45 - INFO - Setting socket.userId = 6592f524305b6c244dd43cf7 for socket [id: rt4hXE88EZMtJ7e_AAAT] 
2.1.2024, 18:22:51 - INFO - Socket disconnected [id: undefined] 
2.1.2024, 18:22:51 - INFO - New connected socket [id: hEtav9jqeotl5HzAAAAV] 
2.1.2024, 18:22:51 - INFO - Req was made | / 
2.1.2024, 18:22:51 - INFO - Setting socket.userId = 65929bbb1a92dca186f8cac3 for socket [id: hEtav9jqeotl5HzAAAAV] 
2.1.2024, 18:22:57 - INFO - chat-set-typing from socket [id: rt4hXE88EZMtJ7e_AAAT], on topic 65929842196c56fc60d4bb91 user Harry Potter 
2.1.2024, 18:22:57 - INFO - chat-set-typing from socket [id: rt4hXE88EZMtJ7e_AAAT], on topic 65929842196c56fc60d4bb91 user Harry Potter 
2.1.2024, 18:23:00 - INFO - chat-set-typing from socket [id: rt4hXE88EZMtJ7e_AAAT], on topic 65929842196c56fc60d4bb91 user Harry Potter 
2.1.2024, 18:23:00 - INFO - chat-set-typing from socket [id: rt4hXE88EZMtJ7e_AAAT], on topic 65929842196c56fc60d4bb91 user Harry Potter 
2.1.2024, 18:23:00 - INFO - chat-set-typing from socket [id: rt4hXE88EZMtJ7e_AAAT], on topic 65929842196c56fc60d4bb91 user Harry Potter 
2.1.2024, 18:23:00 - INFO - chat-set-typing from socket [id: rt4hXE88EZMtJ7e_AAAT], on topic 65929842196c56fc60d4bb91 user Harry Potter 
2.1.2024, 18:23:00 - INFO - chat-set-typing from socket [id: rt4hXE88EZMtJ7e_AAAT], on topic 65929842196c56fc60d4bb91 user Harry Potter 
2.1.2024, 18:23:00 - INFO - chat-set-typing from socket [id: rt4hXE88EZMtJ7e_AAAT], on topic 65929842196c56fc60d4bb91 user Harry Potter 
2.1.2024, 18:23:07 - INFO - Socket disconnected [id: undefined] 
2.1.2024, 18:23:07 - INFO - Req was made | / 
2.1.2024, 18:23:07 - INFO - New connected socket [id: 5TnqJ4ydOMvUcU0rAAAX] 
2.1.2024, 18:23:07 - INFO - Setting socket.userId = 6592f524305b6c244dd43cf7 for socket [id: 5TnqJ4ydOMvUcU0rAAAX] 
2.1.2024, 18:23:09 - INFO - Socket disconnected [id: undefined] 
2.1.2024, 18:23:09 - INFO - New connected socket [id: 5X0XLGMsGzqVT4nnAAAZ] 
2.1.2024, 18:23:09 - INFO - Req was made | / 
2.1.2024, 18:23:09 - INFO - Setting socket.userId = 65929bbb1a92dca186f8cac3 for socket [id: 5X0XLGMsGzqVT4nnAAAZ] 
2.1.2024, 18:23:13 - INFO - chat-set-typing from socket [id: 5TnqJ4ydOMvUcU0rAAAX], on topic 65929842196c56fc60d4bb91 user Harry Potter 
2.1.2024, 18:23:13 - INFO - chat-set-typing from socket [id: 5TnqJ4ydOMvUcU0rAAAX], on topic 65929842196c56fc60d4bb91 user Harry Potter 
2.1.2024, 18:23:13 - INFO - chat-set-typing from socket [id: 5TnqJ4ydOMvUcU0rAAAX], on topic 65929842196c56fc60d4bb91 user Harry Potter 
2.1.2024, 18:23:13 - INFO - chat-set-typing from socket [id: 5TnqJ4ydOMvUcU0rAAAX], on topic 65929842196c56fc60d4bb91 user Harry Potter 
2.1.2024, 18:23:13 - INFO - chat-set-typing from socket [id: 5TnqJ4ydOMvUcU0rAAAX], on topic 65929842196c56fc60d4bb91 user Harry Potter 
2.1.2024, 18:23:13 - INFO - chat-set-typing from socket [id: 5TnqJ4ydOMvUcU0rAAAX], on topic 65929842196c56fc60d4bb91 user Harry Potter 
2.1.2024, 18:23:13 - INFO - chat-set-typing from socket [id: 5TnqJ4ydOMvUcU0rAAAX], on topic 65929842196c56fc60d4bb91 user Harry Potter 
2.1.2024, 18:23:14 - INFO - chat-set-typing from socket [id: 5TnqJ4ydOMvUcU0rAAAX], on topic 65929842196c56fc60d4bb91 user Harry Potter 
2.1.2024, 18:23:14 - INFO - chat-set-typing from socket [id: 5TnqJ4ydOMvUcU0rAAAX], on topic 65929842196c56fc60d4bb91 user Harry Potter 
2.1.2024, 18:23:14 - INFO - chat-set-typing from socket [id: 5TnqJ4ydOMvUcU0rAAAX], on topic 65929842196c56fc60d4bb91 user Harry Potter 
2.1.2024, 18:23:18 - INFO - New chat msg from socket [id: 5TnqJ4ydOMvUcU0rAAAX], emitting to topic 65929842196c56fc60d4bb91 
2.1.2024, 18:28:07 - INFO - Socket disconnected [id: undefined] 
2.1.2024, 18:28:07 - INFO - New connected socket [id: JFB5nxVnAmEw-4inAAAb] 
2.1.2024, 18:28:07 - INFO - Req was made | / 
2.1.2024, 18:28:07 - INFO - Setting socket.userId = 6592f524305b6c244dd43cf7 for socket [id: JFB5nxVnAmEw-4inAAAb] 
2.1.2024, 18:28:10 - INFO - Socket disconnected [id: undefined] 
2.1.2024, 18:28:10 - INFO - Req was made | / 
2.1.2024, 18:28:10 - INFO - New connected socket [id: Xcg3OZKP2UO9p_B6AAAd] 
2.1.2024, 18:28:10 - INFO - Setting socket.userId = 6592f524305b6c244dd43cf7 for socket [id: Xcg3OZKP2UO9p_B6AAAd] 
2.1.2024, 18:28:12 - INFO - Socket disconnected [id: undefined] 
2.1.2024, 18:28:13 - INFO - New connected socket [id: yXVEG_H4VuXByOD7AAAf] 
2.1.2024, 18:28:13 - INFO - Setting socket.userId = 65929bbb1a92dca186f8cac3 for socket [id: yXVEG_H4VuXByOD7AAAf] 
2.1.2024, 18:28:13 - INFO - Req was made | / 
2.1.2024, 18:28:17 - INFO - chat-set-typing from socket [id: Xcg3OZKP2UO9p_B6AAAd], on topic 65929842196c56fc60d4bb91 user Harry Potter 
2.1.2024, 18:28:17 - INFO - chat-set-typing from socket [id: Xcg3OZKP2UO9p_B6AAAd], on topic 65929842196c56fc60d4bb91 user Harry Potter 
2.1.2024, 18:28:17 - INFO - chat-set-typing from socket [id: Xcg3OZKP2UO9p_B6AAAd], on topic 65929842196c56fc60d4bb91 user Harry Potter 
2.1.2024, 18:28:18 - INFO - chat-set-typing from socket [id: Xcg3OZKP2UO9p_B6AAAd], on topic 65929842196c56fc60d4bb91 user Harry Potter 
2.1.2024, 18:28:18 - INFO - chat-set-typing from socket [id: Xcg3OZKP2UO9p_B6AAAd], on topic 65929842196c56fc60d4bb91 user Harry Potter 
2.1.2024, 18:28:18 - INFO - chat-set-typing from socket [id: Xcg3OZKP2UO9p_B6AAAd], on topic 65929842196c56fc60d4bb91 user Harry Potter 
2.1.2024, 18:28:18 - INFO - chat-set-typing from socket [id: Xcg3OZKP2UO9p_B6AAAd], on topic 65929842196c56fc60d4bb91 user Harry Potter 
2.1.2024, 18:28:31 - INFO - Socket disconnected [id: undefined] 
2.1.2024, 18:28:31 - INFO - New connected socket [id: OJtB1TOHva_SqMKXAAAh] 
2.1.2024, 18:28:31 - INFO - Req was made | / 
2.1.2024, 18:28:31 - INFO - Setting socket.userId = 6592f524305b6c244dd43cf7 for socket [id: OJtB1TOHva_SqMKXAAAh] 
2.1.2024, 18:28:32 - INFO - Socket disconnected [id: undefined] 
2.1.2024, 18:28:33 - INFO - New connected socket [id: NLLhXkl5gPBAfBh2AAAj] 
2.1.2024, 18:28:33 - INFO - Req was made | / 
2.1.2024, 18:28:33 - INFO - Setting socket.userId = 65929bbb1a92dca186f8cac3 for socket [id: NLLhXkl5gPBAfBh2AAAj] 
2.1.2024, 18:28:36 - INFO - chat-set-typing from socket [id: OJtB1TOHva_SqMKXAAAh], on topic 65929842196c56fc60d4bb91 user Harry Potter 
2.1.2024, 18:28:37 - INFO - chat-set-typing from socket [id: OJtB1TOHva_SqMKXAAAh], on topic 65929842196c56fc60d4bb91 user Harry Potter 
2.1.2024, 18:28:37 - INFO - chat-set-typing from socket [id: OJtB1TOHva_SqMKXAAAh], on topic 65929842196c56fc60d4bb91 user Harry Potter 
2.1.2024, 18:28:37 - INFO - chat-set-typing from socket [id: OJtB1TOHva_SqMKXAAAh], on topic 65929842196c56fc60d4bb91 user Harry Potter 
2.1.2024, 18:28:37 - INFO - chat-set-typing from socket [id: OJtB1TOHva_SqMKXAAAh], on topic 65929842196c56fc60d4bb91 user Harry Potter 
2.1.2024, 18:28:48 - INFO - Socket disconnected [id: undefined] 
2.1.2024, 18:28:48 - INFO - Req was made | / 
2.1.2024, 18:28:48 - INFO - New connected socket [id: f-QEP9X0YOyi1I2YAAAl] 
2.1.2024, 18:28:48 - INFO - Setting socket.userId = 6592f524305b6c244dd43cf7 for socket [id: f-QEP9X0YOyi1I2YAAAl] 
2.1.2024, 18:28:50 - INFO - Socket disconnected [id: undefined] 
2.1.2024, 18:28:50 - INFO - New connected socket [id: lEoaRhSVSYWpIkm5AAAn] 
2.1.2024, 18:28:50 - INFO - Req was made | / 
2.1.2024, 18:28:50 - INFO - Setting socket.userId = 65929bbb1a92dca186f8cac3 for socket [id: lEoaRhSVSYWpIkm5AAAn] 
2.1.2024, 18:28:54 - INFO - chat-set-typing from socket [id: f-QEP9X0YOyi1I2YAAAl], on topic 65929842196c56fc60d4bb91 user Harry Potter 
2.1.2024, 18:28:54 - INFO - chat-set-typing from socket [id: f-QEP9X0YOyi1I2YAAAl], on topic 65929842196c56fc60d4bb91 user Harry Potter 
2.1.2024, 18:28:54 - INFO - chat-set-typing from socket [id: f-QEP9X0YOyi1I2YAAAl], on topic 65929842196c56fc60d4bb91 user Harry Potter 
2.1.2024, 18:28:54 - INFO - chat-set-typing from socket [id: f-QEP9X0YOyi1I2YAAAl], on topic 65929842196c56fc60d4bb91 user Harry Potter 
2.1.2024, 18:28:57 - INFO - chat-set-typing from socket [id: f-QEP9X0YOyi1I2YAAAl], on topic 65929842196c56fc60d4bb91 user Harry Potter 
2.1.2024, 18:28:57 - INFO - chat-set-typing from socket [id: f-QEP9X0YOyi1I2YAAAl], on topic 65929842196c56fc60d4bb91 user Harry Potter 
2.1.2024, 18:28:57 - INFO - chat-set-typing from socket [id: f-QEP9X0YOyi1I2YAAAl], on topic 65929842196c56fc60d4bb91 user Harry Potter 
2.1.2024, 18:28:58 - INFO - chat-set-typing from socket [id: f-QEP9X0YOyi1I2YAAAl], on topic 65929842196c56fc60d4bb91 user Harry Potter 
2.1.2024, 18:28:58 - INFO - chat-set-typing from socket [id: f-QEP9X0YOyi1I2YAAAl], on topic 65929842196c56fc60d4bb91 user Harry Potter 
2.1.2024, 18:28:58 - INFO - chat-set-typing from socket [id: f-QEP9X0YOyi1I2YAAAl], on topic 65929842196c56fc60d4bb91 user Harry Potter 
2.1.2024, 18:28:59 - INFO - chat-set-typing from socket [id: f-QEP9X0YOyi1I2YAAAl], on topic 65929842196c56fc60d4bb91 user Harry Potter 
2.1.2024, 18:28:59 - INFO - chat-set-typing from socket [id: f-QEP9X0YOyi1I2YAAAl], on topic 65929842196c56fc60d4bb91 user Harry Potter 
2.1.2024, 18:28:59 - INFO - chat-set-typing from socket [id: f-QEP9X0YOyi1I2YAAAl], on topic 65929842196c56fc60d4bb91 user Harry Potter 
2.1.2024, 18:29:00 - INFO - chat-set-typing from socket [id: f-QEP9X0YOyi1I2YAAAl], on topic 65929842196c56fc60d4bb91 user Harry Potter 
2.1.2024, 18:29:01 - INFO - chat-set-typing from socket [id: f-QEP9X0YOyi1I2YAAAl], on topic 65929842196c56fc60d4bb91 user Harry Potter 
2.1.2024, 18:29:02 - INFO - chat-set-typing from socket [id: f-QEP9X0YOyi1I2YAAAl], on topic 65929842196c56fc60d4bb91 user Harry Potter 
2.1.2024, 18:29:03 - INFO - chat-set-typing from socket [id: f-QEP9X0YOyi1I2YAAAl], on topic 65929842196c56fc60d4bb91 user Harry Potter 
2.1.2024, 18:29:05 - INFO - chat-set-typing from socket [id: f-QEP9X0YOyi1I2YAAAl], on topic 65929842196c56fc60d4bb91 user Harry Potter 
2.1.2024, 18:29:07 - INFO - chat-set-typing from socket [id: f-QEP9X0YOyi1I2YAAAl], on topic 65929842196c56fc60d4bb91 user Harry Potter 
2.1.2024, 18:29:10 - INFO - chat-set-typing from socket [id: f-QEP9X0YOyi1I2YAAAl], on topic 65929842196c56fc60d4bb91 user Harry Potter 
2.1.2024, 18:29:10 - INFO - chat-set-typing from socket [id: f-QEP9X0YOyi1I2YAAAl], on topic 65929842196c56fc60d4bb91 user Harry Potter 
2.1.2024, 18:29:10 - INFO - chat-set-typing from socket [id: f-QEP9X0YOyi1I2YAAAl], on topic 65929842196c56fc60d4bb91 user Harry Potter 
2.1.2024, 18:29:10 - INFO - chat-set-typing from socket [id: f-QEP9X0YOyi1I2YAAAl], on topic 65929842196c56fc60d4bb91 user Harry Potter 
2.1.2024, 18:29:10 - INFO - chat-set-typing from socket [id: f-QEP9X0YOyi1I2YAAAl], on topic 65929842196c56fc60d4bb91 user Harry Potter 
2.1.2024, 18:29:11 - INFO - chat-set-typing from socket [id: f-QEP9X0YOyi1I2YAAAl], on topic 65929842196c56fc60d4bb91 user Harry Potter 
2.1.2024, 18:29:11 - INFO - chat-set-typing from socket [id: f-QEP9X0YOyi1I2YAAAl], on topic 65929842196c56fc60d4bb91 user Harry Potter 
2.1.2024, 18:29:11 - INFO - chat-set-typing from socket [id: f-QEP9X0YOyi1I2YAAAl], on topic 65929842196c56fc60d4bb91 user Harry Potter 
2.1.2024, 18:29:11 - INFO - chat-set-typing from socket [id: f-QEP9X0YOyi1I2YAAAl], on topic 65929842196c56fc60d4bb91 user Harry Potter 
2.1.2024, 18:29:11 - INFO - chat-set-typing from socket [id: f-QEP9X0YOyi1I2YAAAl], on topic 65929842196c56fc60d4bb91 user Harry Potter 
2.1.2024, 18:29:11 - INFO - chat-set-typing from socket [id: f-QEP9X0YOyi1I2YAAAl], on topic 65929842196c56fc60d4bb91 user Harry Potter 
2.1.2024, 18:29:11 - INFO - chat-set-typing from socket [id: f-QEP9X0YOyi1I2YAAAl], on topic 65929842196c56fc60d4bb91 user Harry Potter 
2.1.2024, 18:29:11 - INFO - chat-set-typing from socket [id: f-QEP9X0YOyi1I2YAAAl], on topic 65929842196c56fc60d4bb91 user Harry Potter 
2.1.2024, 18:29:12 - INFO - chat-set-typing from socket [id: f-QEP9X0YOyi1I2YAAAl], on topic 65929842196c56fc60d4bb91 user Harry Potter 
2.1.2024, 18:29:12 - INFO - chat-set-typing from socket [id: f-QEP9X0YOyi1I2YAAAl], on topic 65929842196c56fc60d4bb91 user Harry Potter 
2.1.2024, 18:29:13 - INFO - chat-set-typing from socket [id: f-QEP9X0YOyi1I2YAAAl], on topic 65929842196c56fc60d4bb91 user Harry Potter 
2.1.2024, 18:29:13 - INFO - chat-set-typing from socket [id: f-QEP9X0YOyi1I2YAAAl], on topic 65929842196c56fc60d4bb91 user Harry Potter 
2.1.2024, 18:29:13 - INFO - chat-set-typing from socket [id: f-QEP9X0YOyi1I2YAAAl], on topic 65929842196c56fc60d4bb91 user Harry Potter 
2.1.2024, 18:29:13 - INFO - chat-set-typing from socket [id: f-QEP9X0YOyi1I2YAAAl], on topic 65929842196c56fc60d4bb91 user Harry Potter 
2.1.2024, 18:29:13 - INFO - chat-set-typing from socket [id: f-QEP9X0YOyi1I2YAAAl], on topic 65929842196c56fc60d4bb91 user Harry Potter 
2.1.2024, 18:29:13 - INFO - chat-set-typing from socket [id: f-QEP9X0YOyi1I2YAAAl], on topic 65929842196c56fc60d4bb91 user Harry Potter 
2.1.2024, 18:29:15 - INFO - chat-set-typing from socket [id: f-QEP9X0YOyi1I2YAAAl], on topic 65929842196c56fc60d4bb91 user Harry Potter 
2.1.2024, 18:29:24 - INFO - chat-set-typing from socket [id: f-QEP9X0YOyi1I2YAAAl], on topic 65929842196c56fc60d4bb91 user Harry Potter 
2.1.2024, 18:29:29 - INFO - chat-set-typing from socket [id: f-QEP9X0YOyi1I2YAAAl], on topic 65929842196c56fc60d4bb91 user Harry Potter 
2.1.2024, 18:29:30 - INFO - chat-set-typing from socket [id: f-QEP9X0YOyi1I2YAAAl], on topic 65929842196c56fc60d4bb91 user Harry Potter 
2.1.2024, 18:29:30 - INFO - chat-set-typing from socket [id: f-QEP9X0YOyi1I2YAAAl], on topic 65929842196c56fc60d4bb91 user Harry Potter 
2.1.2024, 18:29:31 - INFO - chat-set-typing from socket [id: f-QEP9X0YOyi1I2YAAAl], on topic 65929842196c56fc60d4bb91 user Harry Potter 
2.1.2024, 18:29:31 - INFO - chat-set-typing from socket [id: f-QEP9X0YOyi1I2YAAAl], on topic 65929842196c56fc60d4bb91 user Harry Potter 
2.1.2024, 18:29:31 - INFO - chat-set-typing from socket [id: f-QEP9X0YOyi1I2YAAAl], on topic 65929842196c56fc60d4bb91 user Harry Potter 
2.1.2024, 18:29:32 - INFO - chat-set-typing from socket [id: f-QEP9X0YOyi1I2YAAAl], on topic 65929842196c56fc60d4bb91 user Harry Potter 
2.1.2024, 18:29:35 - INFO - chat-set-typing from socket [id: f-QEP9X0YOyi1I2YAAAl], on topic 65929842196c56fc60d4bb91 user Harry Potter 
2.1.2024, 18:29:35 - INFO - chat-set-typing from socket [id: f-QEP9X0YOyi1I2YAAAl], on topic 65929842196c56fc60d4bb91 user Harry Potter 
2.1.2024, 18:29:35 - INFO - chat-set-typing from socket [id: f-QEP9X0YOyi1I2YAAAl], on topic 65929842196c56fc60d4bb91 user Harry Potter 
2.1.2024, 18:29:36 - INFO - chat-set-typing from socket [id: f-QEP9X0YOyi1I2YAAAl], on topic 65929842196c56fc60d4bb91 user Harry Potter 
2.1.2024, 18:29:36 - INFO - chat-set-typing from socket [id: f-QEP9X0YOyi1I2YAAAl], on topic 65929842196c56fc60d4bb91 user Harry Potter 
2.1.2024, 18:29:36 - INFO - chat-set-typing from socket [id: f-QEP9X0YOyi1I2YAAAl], on topic 65929842196c56fc60d4bb91 user Harry Potter 
2.1.2024, 18:29:37 - INFO - chat-set-typing from socket [id: f-QEP9X0YOyi1I2YAAAl], on topic 65929842196c56fc60d4bb91 user Harry Potter 
2.1.2024, 18:29:40 - INFO - chat-set-typing from socket [id: f-QEP9X0YOyi1I2YAAAl], on topic 65929842196c56fc60d4bb91 user Harry Potter 
2.1.2024, 18:29:41 - INFO - chat-set-typing from socket [id: f-QEP9X0YOyi1I2YAAAl], on topic 65929842196c56fc60d4bb91 user Harry Potter 
2.1.2024, 18:29:41 - INFO - chat-set-typing from socket [id: f-QEP9X0YOyi1I2YAAAl], on topic 65929842196c56fc60d4bb91 user Harry Potter 
2.1.2024, 18:29:41 - INFO - chat-set-typing from socket [id: f-QEP9X0YOyi1I2YAAAl], on topic 65929842196c56fc60d4bb91 user Harry Potter 
2.1.2024, 18:29:44 - INFO - chat-set-typing from socket [id: f-QEP9X0YOyi1I2YAAAl], on topic 65929842196c56fc60d4bb91 user Harry Potter 
2.1.2024, 18:29:44 - INFO - chat-set-typing from socket [id: f-QEP9X0YOyi1I2YAAAl], on topic 65929842196c56fc60d4bb91 user Harry Potter 
2.1.2024, 18:29:44 - INFO - chat-set-typing from socket [id: f-QEP9X0YOyi1I2YAAAl], on topic 65929842196c56fc60d4bb91 user Harry Potter 
2.1.2024, 18:29:44 - INFO - chat-set-typing from socket [id: f-QEP9X0YOyi1I2YAAAl], on topic 65929842196c56fc60d4bb91 user Harry Potter 
2.1.2024, 18:29:45 - INFO - chat-set-typing from socket [id: f-QEP9X0YOyi1I2YAAAl], on topic 65929842196c56fc60d4bb91 user Harry Potter 
2.1.2024, 18:29:45 - INFO - chat-set-typing from socket [id: f-QEP9X0YOyi1I2YAAAl], on topic 65929842196c56fc60d4bb91 user Harry Potter 
2.1.2024, 18:29:45 - INFO - chat-set-typing from socket [id: f-QEP9X0YOyi1I2YAAAl], on topic 65929842196c56fc60d4bb91 user Harry Potter 
2.1.2024, 18:29:45 - INFO - chat-set-typing from socket [id: f-QEP9X0YOyi1I2YAAAl], on topic 65929842196c56fc60d4bb91 user Harry Potter 
2.1.2024, 18:29:45 - INFO - chat-set-typing from socket [id: f-QEP9X0YOyi1I2YAAAl], on topic 65929842196c56fc60d4bb91 user Harry Potter 
2.1.2024, 18:29:45 - INFO - chat-set-typing from socket [id: f-QEP9X0YOyi1I2YAAAl], on topic 65929842196c56fc60d4bb91 user Harry Potter 
2.1.2024, 18:29:46 - INFO - chat-set-typing from socket [id: f-QEP9X0YOyi1I2YAAAl], on topic 65929842196c56fc60d4bb91 user Harry Potter 
2.1.2024, 18:29:47 - INFO - chat-set-typing from socket [id: f-QEP9X0YOyi1I2YAAAl], on topic 65929842196c56fc60d4bb91 user Harry Potter 
2.1.2024, 18:29:47 - INFO - chat-set-typing from socket [id: f-QEP9X0YOyi1I2YAAAl], on topic 65929842196c56fc60d4bb91 user Harry Potter 
2.1.2024, 18:29:47 - INFO - chat-set-typing from socket [id: f-QEP9X0YOyi1I2YAAAl], on topic 65929842196c56fc60d4bb91 user Harry Potter 
2.1.2024, 18:29:47 - INFO - chat-set-typing from socket [id: f-QEP9X0YOyi1I2YAAAl], on topic 65929842196c56fc60d4bb91 user Harry Potter 
2.1.2024, 18:29:47 - INFO - chat-set-typing from socket [id: f-QEP9X0YOyi1I2YAAAl], on topic 65929842196c56fc60d4bb91 user Harry Potter 
2.1.2024, 18:29:48 - INFO - chat-set-typing from socket [id: f-QEP9X0YOyi1I2YAAAl], on topic 65929842196c56fc60d4bb91 user Harry Potter 
2.1.2024, 18:29:48 - INFO - chat-set-typing from socket [id: f-QEP9X0YOyi1I2YAAAl], on topic 65929842196c56fc60d4bb91 user Harry Potter 
2.1.2024, 18:29:49 - INFO - chat-set-typing from socket [id: f-QEP9X0YOyi1I2YAAAl], on topic 65929842196c56fc60d4bb91 user Harry Potter 
2.1.2024, 18:29:50 - INFO - chat-set-typing from socket [id: f-QEP9X0YOyi1I2YAAAl], on topic 65929842196c56fc60d4bb91 user Harry Potter 
2.1.2024, 18:29:50 - INFO - chat-set-typing from socket [id: f-QEP9X0YOyi1I2YAAAl], on topic 65929842196c56fc60d4bb91 user Harry Potter 
2.1.2024, 18:29:50 - INFO - chat-set-typing from socket [id: f-QEP9X0YOyi1I2YAAAl], on topic 65929842196c56fc60d4bb91 user Harry Potter 
2.1.2024, 18:29:51 - INFO - chat-set-typing from socket [id: f-QEP9X0YOyi1I2YAAAl], on topic 65929842196c56fc60d4bb91 user Harry Potter 
2.1.2024, 18:29:51 - INFO - chat-set-typing from socket [id: f-QEP9X0YOyi1I2YAAAl], on topic 65929842196c56fc60d4bb91 user Harry Potter 
2.1.2024, 18:29:52 - INFO - chat-set-typing from socket [id: f-QEP9X0YOyi1I2YAAAl], on topic 65929842196c56fc60d4bb91 user Harry Potter 
2.1.2024, 18:29:52 - INFO - chat-set-typing from socket [id: f-QEP9X0YOyi1I2YAAAl], on topic 65929842196c56fc60d4bb91 user Harry Potter 
2.1.2024, 18:37:09 - INFO - Socket disconnected [id: undefined] 
2.1.2024, 18:37:09 - INFO - New connected socket [id: vBLwhlZFIro_308XAAAp] 
2.1.2024, 18:37:09 - INFO - Req was made | / 
2.1.2024, 18:37:09 - INFO - Setting socket.userId = 6592f524305b6c244dd43cf7 for socket [id: vBLwhlZFIro_308XAAAp] 
2.1.2024, 18:37:11 - INFO - Socket disconnected [id: undefined] 
2.1.2024, 18:37:11 - INFO - New connected socket [id: X7jAFhc_Goxlb_bFAAAr] 
2.1.2024, 18:37:11 - INFO - Setting socket.userId = 65929bbb1a92dca186f8cac3 for socket [id: X7jAFhc_Goxlb_bFAAAr] 
2.1.2024, 18:37:11 - INFO - Req was made | / 
2.1.2024, 18:37:16 - INFO - chat-set-typing from socket [id: vBLwhlZFIro_308XAAAp], on topic 65929842196c56fc60d4bb91 user Harry Potter 
2.1.2024, 18:37:16 - INFO - chat-set-typing from socket [id: vBLwhlZFIro_308XAAAp], on topic 65929842196c56fc60d4bb91 user Harry Potter 
2.1.2024, 18:37:16 - INFO - chat-set-typing from socket [id: vBLwhlZFIro_308XAAAp], on topic 65929842196c56fc60d4bb91 user Harry Potter 
2.1.2024, 18:37:17 - INFO - chat-set-typing from socket [id: vBLwhlZFIro_308XAAAp], on topic 65929842196c56fc60d4bb91 user Harry Potter 
2.1.2024, 18:37:17 - INFO - chat-set-typing from socket [id: vBLwhlZFIro_308XAAAp], on topic 65929842196c56fc60d4bb91 user Harry Potter 
2.1.2024, 18:37:21 - INFO - chat-set-typing from socket [id: vBLwhlZFIro_308XAAAp], on topic 65929842196c56fc60d4bb91 user Harry Potter 
2.1.2024, 18:37:23 - INFO - chat-set-typing from socket [id: vBLwhlZFIro_308XAAAp], on topic 65929842196c56fc60d4bb91 user Harry Potter 
2.1.2024, 18:37:23 - INFO - chat-set-typing from socket [id: vBLwhlZFIro_308XAAAp], on topic 65929842196c56fc60d4bb91 user Harry Potter 
2.1.2024, 18:37:24 - INFO - chat-set-typing from socket [id: vBLwhlZFIro_308XAAAp], on topic 65929842196c56fc60d4bb91 user Harry Potter 
2.1.2024, 18:37:24 - INFO - chat-set-typing from socket [id: vBLwhlZFIro_308XAAAp], on topic 65929842196c56fc60d4bb91 user Harry Potter 
2.1.2024, 18:37:24 - INFO - chat-set-typing from socket [id: vBLwhlZFIro_308XAAAp], on topic 65929842196c56fc60d4bb91 user Harry Potter 
2.1.2024, 18:37:24 - INFO - chat-set-typing from socket [id: vBLwhlZFIro_308XAAAp], on topic 65929842196c56fc60d4bb91 user Harry Potter 
2.1.2024, 18:37:25 - INFO - chat-set-typing from socket [id: vBLwhlZFIro_308XAAAp], on topic 65929842196c56fc60d4bb91 user Harry Potter 
2.1.2024, 18:37:25 - INFO - chat-set-typing from socket [id: vBLwhlZFIro_308XAAAp], on topic 65929842196c56fc60d4bb91 user Harry Potter 
2.1.2024, 18:37:25 - INFO - chat-set-typing from socket [id: vBLwhlZFIro_308XAAAp], on topic 65929842196c56fc60d4bb91 user Harry Potter 
2.1.2024, 18:37:27 - INFO - chat-set-typing from socket [id: vBLwhlZFIro_308XAAAp], on topic 65929842196c56fc60d4bb91 user Harry Potter 
2.1.2024, 18:37:33 - INFO - chat-set-typing from socket [id: vBLwhlZFIro_308XAAAp], on topic 65929842196c56fc60d4bb91 user Harry Potter 
2.1.2024, 18:37:33 - INFO - chat-set-typing from socket [id: vBLwhlZFIro_308XAAAp], on topic 65929842196c56fc60d4bb91 user Harry Potter 
2.1.2024, 18:37:34 - INFO - chat-set-typing from socket [id: vBLwhlZFIro_308XAAAp], on topic 65929842196c56fc60d4bb91 user Harry Potter 
2.1.2024, 18:37:35 - INFO - chat-set-typing from socket [id: vBLwhlZFIro_308XAAAp], on topic 65929842196c56fc60d4bb91 user Harry Potter 
2.1.2024, 18:37:35 - INFO - chat-set-typing from socket [id: vBLwhlZFIro_308XAAAp], on topic 65929842196c56fc60d4bb91 user Harry Potter 
2.1.2024, 18:37:35 - INFO - chat-set-typing from socket [id: vBLwhlZFIro_308XAAAp], on topic 65929842196c56fc60d4bb91 user Harry Potter 
2.1.2024, 18:37:42 - INFO - chat-set-typing from socket [id: vBLwhlZFIro_308XAAAp], on topic 65929842196c56fc60d4bb91 user Harry Potter 
2.1.2024, 18:37:42 - INFO - chat-set-typing from socket [id: vBLwhlZFIro_308XAAAp], on topic 65929842196c56fc60d4bb91 user Harry Potter 
2.1.2024, 18:37:42 - INFO - chat-set-typing from socket [id: vBLwhlZFIro_308XAAAp], on topic 65929842196c56fc60d4bb91 user Harry Potter 
2.1.2024, 18:37:43 - INFO - chat-set-typing from socket [id: vBLwhlZFIro_308XAAAp], on topic 65929842196c56fc60d4bb91 user Harry Potter 
2.1.2024, 18:37:43 - INFO - chat-set-typing from socket [id: vBLwhlZFIro_308XAAAp], on topic 65929842196c56fc60d4bb91 user Harry Potter 
2.1.2024, 18:37:43 - INFO - chat-set-typing from socket [id: vBLwhlZFIro_308XAAAp], on topic 65929842196c56fc60d4bb91 user Harry Potter 
2.1.2024, 18:37:44 - INFO - chat-set-typing from socket [id: vBLwhlZFIro_308XAAAp], on topic 65929842196c56fc60d4bb91 user Harry Potter 
2.1.2024, 18:37:44 - INFO - chat-set-typing from socket [id: vBLwhlZFIro_308XAAAp], on topic 65929842196c56fc60d4bb91 user Harry Potter 
2.1.2024, 18:37:44 - INFO - chat-set-typing from socket [id: vBLwhlZFIro_308XAAAp], on topic 65929842196c56fc60d4bb91 user Harry Potter 
2.1.2024, 18:37:44 - INFO - chat-set-typing from socket [id: vBLwhlZFIro_308XAAAp], on topic 65929842196c56fc60d4bb91 user Harry Potter 
2.1.2024, 18:37:45 - INFO - chat-set-typing from socket [id: vBLwhlZFIro_308XAAAp], on topic 65929842196c56fc60d4bb91 user Harry Potter 
2.1.2024, 18:37:45 - INFO - chat-set-typing from socket [id: vBLwhlZFIro_308XAAAp], on topic 65929842196c56fc60d4bb91 user Harry Potter 
2.1.2024, 18:37:45 - INFO - chat-set-typing from socket [id: vBLwhlZFIro_308XAAAp], on topic 65929842196c56fc60d4bb91 user Harry Potter 
2.1.2024, 18:37:45 - INFO - chat-set-typing from socket [id: vBLwhlZFIro_308XAAAp], on topic 65929842196c56fc60d4bb91 user Harry Potter 
2.1.2024, 18:37:46 - INFO - New chat msg from socket [id: vBLwhlZFIro_308XAAAp], emitting to topic 65929842196c56fc60d4bb91 
2.1.2024, 18:43:03 - INFO - Socket disconnected [id: undefined] 
2.1.2024, 18:43:03 - INFO - New connected socket [id: fG5GEvUvGp_4mL-BAAAt] 
2.1.2024, 18:43:03 - INFO - Req was made | / 
2.1.2024, 18:43:03 - INFO - Setting socket.userId = 6592f524305b6c244dd43cf7 for socket [id: fG5GEvUvGp_4mL-BAAAt] 
2.1.2024, 18:43:05 - INFO - Socket disconnected [id: undefined] 
2.1.2024, 18:43:06 - INFO - New connected socket [id: Px6BYd0aQ19p9IOVAAAv] 
2.1.2024, 18:43:06 - INFO - Req was made | / 
2.1.2024, 18:43:06 - INFO - Setting socket.userId = 65929bbb1a92dca186f8cac3 for socket [id: Px6BYd0aQ19p9IOVAAAv] 
2.1.2024, 18:43:11 - INFO - chat-set-typing from socket [id: fG5GEvUvGp_4mL-BAAAt], on topic 65929842196c56fc60d4bb91 user Harry Potter 
2.1.2024, 18:43:11 - INFO - chat-set-typing from socket [id: fG5GEvUvGp_4mL-BAAAt], on topic 65929842196c56fc60d4bb91 user Harry Potter 
2.1.2024, 18:43:12 - INFO - chat-set-typing from socket [id: fG5GEvUvGp_4mL-BAAAt], on topic 65929842196c56fc60d4bb91 user Harry Potter 
2.1.2024, 18:43:12 - INFO - chat-set-typing from socket [id: fG5GEvUvGp_4mL-BAAAt], on topic 65929842196c56fc60d4bb91 user Harry Potter 
2.1.2024, 18:43:12 - INFO - chat-set-typing from socket [id: fG5GEvUvGp_4mL-BAAAt], on topic 65929842196c56fc60d4bb91 user Harry Potter 
2.1.2024, 18:43:12 - INFO - chat-set-typing from socket [id: fG5GEvUvGp_4mL-BAAAt], on topic 65929842196c56fc60d4bb91 user Harry Potter 
2.1.2024, 18:43:15 - INFO - chat-set-typing from socket [id: fG5GEvUvGp_4mL-BAAAt], on topic 65929842196c56fc60d4bb91 user Harry Potter 
2.1.2024, 18:43:15 - INFO - chat-set-typing from socket [id: fG5GEvUvGp_4mL-BAAAt], on topic 65929842196c56fc60d4bb91 user Harry Potter 
2.1.2024, 18:43:15 - INFO - chat-set-typing from socket [id: fG5GEvUvGp_4mL-BAAAt], on topic 65929842196c56fc60d4bb91 user Harry Potter 
2.1.2024, 18:43:16 - INFO - chat-set-typing from socket [id: fG5GEvUvGp_4mL-BAAAt], on topic 65929842196c56fc60d4bb91 user Harry Potter 
2.1.2024, 18:43:19 - INFO - New chat msg from socket [id: fG5GEvUvGp_4mL-BAAAt], emitting to topic 65929842196c56fc60d4bb91 
2.1.2024, 18:43:23 - INFO - chat-set-typing from socket [id: fG5GEvUvGp_4mL-BAAAt], on topic 65929842196c56fc60d4bb91 user Harry Potter 
2.1.2024, 18:43:23 - INFO - chat-set-typing from socket [id: fG5GEvUvGp_4mL-BAAAt], on topic 65929842196c56fc60d4bb91 user Harry Potter 
2.1.2024, 18:43:23 - INFO - chat-set-typing from socket [id: fG5GEvUvGp_4mL-BAAAt], on topic 65929842196c56fc60d4bb91 user Harry Potter 
2.1.2024, 18:43:23 - INFO - chat-set-typing from socket [id: fG5GEvUvGp_4mL-BAAAt], on topic 65929842196c56fc60d4bb91 user Harry Potter 
2.1.2024, 18:43:23 - INFO - chat-set-typing from socket [id: fG5GEvUvGp_4mL-BAAAt], on topic 65929842196c56fc60d4bb91 user Harry Potter 
2.1.2024, 18:43:23 - INFO - chat-set-typing from socket [id: fG5GEvUvGp_4mL-BAAAt], on topic 65929842196c56fc60d4bb91 user Harry Potter 
2.1.2024, 18:43:23 - INFO - chat-set-typing from socket [id: fG5GEvUvGp_4mL-BAAAt], on topic 65929842196c56fc60d4bb91 user Harry Potter 
2.1.2024, 18:43:24 - INFO - chat-set-typing from socket [id: fG5GEvUvGp_4mL-BAAAt], on topic 65929842196c56fc60d4bb91 user Harry Potter 
2.1.2024, 18:43:26 - INFO - chat-set-typing from socket [id: fG5GEvUvGp_4mL-BAAAt], on topic 65929842196c56fc60d4bb91 user Harry Potter 
2.1.2024, 18:43:30 - INFO - chat-set-typing from socket [id: fG5GEvUvGp_4mL-BAAAt], on topic 65929842196c56fc60d4bb91 user Harry Potter 
2.1.2024, 18:43:30 - INFO - chat-set-typing from socket [id: fG5GEvUvGp_4mL-BAAAt], on topic 65929842196c56fc60d4bb91 user Harry Potter 
2.1.2024, 18:43:30 - INFO - chat-set-typing from socket [id: fG5GEvUvGp_4mL-BAAAt], on topic 65929842196c56fc60d4bb91 user Harry Potter 
2.1.2024, 18:43:30 - INFO - chat-set-typing from socket [id: fG5GEvUvGp_4mL-BAAAt], on topic 65929842196c56fc60d4bb91 user Harry Potter 
2.1.2024, 18:43:30 - INFO - chat-set-typing from socket [id: fG5GEvUvGp_4mL-BAAAt], on topic 65929842196c56fc60d4bb91 user Harry Potter 
2.1.2024, 18:43:31 - INFO - chat-set-typing from socket [id: fG5GEvUvGp_4mL-BAAAt], on topic 65929842196c56fc60d4bb91 user Harry Potter 
2.1.2024, 18:43:31 - INFO - chat-set-typing from socket [id: fG5GEvUvGp_4mL-BAAAt], on topic 65929842196c56fc60d4bb91 user Harry Potter 
2.1.2024, 18:43:31 - INFO - chat-set-typing from socket [id: fG5GEvUvGp_4mL-BAAAt], on topic 65929842196c56fc60d4bb91 user Harry Potter 
2.1.2024, 18:43:31 - INFO - chat-set-typing from socket [id: fG5GEvUvGp_4mL-BAAAt], on topic 65929842196c56fc60d4bb91 user Harry Potter 
2.1.2024, 18:43:31 - INFO - chat-set-typing from socket [id: fG5GEvUvGp_4mL-BAAAt], on topic 65929842196c56fc60d4bb91 user Harry Potter 
2.1.2024, 18:43:31 - INFO - chat-set-typing from socket [id: fG5GEvUvGp_4mL-BAAAt], on topic 65929842196c56fc60d4bb91 user Harry Potter 
2.1.2024, 18:43:31 - INFO - chat-set-typing from socket [id: fG5GEvUvGp_4mL-BAAAt], on topic 65929842196c56fc60d4bb91 user Harry Potter 
2.1.2024, 18:43:32 - INFO - chat-set-typing from socket [id: fG5GEvUvGp_4mL-BAAAt], on topic 65929842196c56fc60d4bb91 user Harry Potter 
2.1.2024, 18:43:32 - INFO - chat-set-typing from socket [id: fG5GEvUvGp_4mL-BAAAt], on topic 65929842196c56fc60d4bb91 user Harry Potter 
2.1.2024, 18:43:33 - INFO - chat-set-typing from socket [id: fG5GEvUvGp_4mL-BAAAt], on topic 65929842196c56fc60d4bb91 user Harry Potter 
2.1.2024, 18:43:34 - INFO - New chat msg from socket [id: fG5GEvUvGp_4mL-BAAAt], emitting to topic 65929842196c56fc60d4bb91 
2.1.2024, 18:43:41 - INFO - Socket disconnected [id: undefined] 
2.1.2024, 18:43:41 - INFO - Req was made | / 
2.1.2024, 18:43:41 - INFO - New connected socket [id: Lb5_wJrTjJXmtZg0AAAx] 
2.1.2024, 18:43:41 - INFO - Setting socket.userId = 6592f524305b6c244dd43cf7 for socket [id: Lb5_wJrTjJXmtZg0AAAx] 
2.1.2024, 18:43:42 - INFO - Socket disconnected [id: undefined] 
2.1.2024, 18:43:43 - INFO - New connected socket [id: HnJfziIAEAMCNglTAAAz] 
2.1.2024, 18:43:43 - INFO - Req was made | / 
2.1.2024, 18:43:43 - INFO - Setting socket.userId = 65929bbb1a92dca186f8cac3 for socket [id: HnJfziIAEAMCNglTAAAz] 
2.1.2024, 18:43:52 - INFO - chat-set-typing from socket [id: Lb5_wJrTjJXmtZg0AAAx], on topic 65929842196c56fc60d4bb91 user Harry Potter 
2.1.2024, 18:43:52 - INFO - chat-set-typing from socket [id: Lb5_wJrTjJXmtZg0AAAx], on topic 65929842196c56fc60d4bb91 user Harry Potter 
2.1.2024, 18:43:53 - INFO - chat-set-typing from socket [id: Lb5_wJrTjJXmtZg0AAAx], on topic 65929842196c56fc60d4bb91 user Harry Potter 
2.1.2024, 18:43:53 - INFO - chat-set-typing from socket [id: Lb5_wJrTjJXmtZg0AAAx], on topic 65929842196c56fc60d4bb91 user Harry Potter 
2.1.2024, 18:43:53 - INFO - chat-set-typing from socket [id: Lb5_wJrTjJXmtZg0AAAx], on topic 65929842196c56fc60d4bb91 user Harry Potter 
2.1.2024, 18:43:53 - INFO - chat-set-typing from socket [id: Lb5_wJrTjJXmtZg0AAAx], on topic 65929842196c56fc60d4bb91 user Harry Potter 
2.1.2024, 18:43:53 - INFO - chat-set-typing from socket [id: Lb5_wJrTjJXmtZg0AAAx], on topic 65929842196c56fc60d4bb91 user Harry Potter 
2.1.2024, 18:43:54 - INFO - New chat msg from socket [id: Lb5_wJrTjJXmtZg0AAAx], emitting to topic 65929842196c56fc60d4bb91 
2.1.2024, 18:48:47 - INFO - chat-set-typing from socket [id: HnJfziIAEAMCNglTAAAz], on topic 65929842196c56fc60d4bb91 user Dev dav 
2.1.2024, 18:48:47 - INFO - chat-set-typing from socket [id: HnJfziIAEAMCNglTAAAz], on topic 65929842196c56fc60d4bb91 user Dev dav 
2.1.2024, 18:48:48 - INFO - chat-set-typing from socket [id: HnJfziIAEAMCNglTAAAz], on topic 65929842196c56fc60d4bb91 user Dev dav 
2.1.2024, 18:48:49 - INFO - chat-set-typing from socket [id: HnJfziIAEAMCNglTAAAz], on topic 65929842196c56fc60d4bb91 user Dev dav 
2.1.2024, 18:48:49 - INFO - chat-set-typing from socket [id: HnJfziIAEAMCNglTAAAz], on topic 65929842196c56fc60d4bb91 user Dev dav 
2.1.2024, 18:48:49 - INFO - chat-set-typing from socket [id: HnJfziIAEAMCNglTAAAz], on topic 65929842196c56fc60d4bb91 user Dev dav 
2.1.2024, 18:48:50 - INFO - chat-set-typing from socket [id: HnJfziIAEAMCNglTAAAz], on topic 65929842196c56fc60d4bb91 user Dev dav 
2.1.2024, 18:48:50 - INFO - chat-set-typing from socket [id: HnJfziIAEAMCNglTAAAz], on topic 65929842196c56fc60d4bb91 user Dev dav 
2.1.2024, 18:48:50 - INFO - chat-set-typing from socket [id: HnJfziIAEAMCNglTAAAz], on topic 65929842196c56fc60d4bb91 user Dev dav 
2.1.2024, 18:48:50 - INFO - chat-set-typing from socket [id: HnJfziIAEAMCNglTAAAz], on topic 65929842196c56fc60d4bb91 user Dev dav 
2.1.2024, 18:48:51 - INFO - chat-set-typing from socket [id: HnJfziIAEAMCNglTAAAz], on topic 65929842196c56fc60d4bb91 user Dev dav 
2.1.2024, 18:48:51 - INFO - chat-set-typing from socket [id: HnJfziIAEAMCNglTAAAz], on topic 65929842196c56fc60d4bb91 user Dev dav 
2.1.2024, 18:48:51 - INFO - chat-set-typing from socket [id: HnJfziIAEAMCNglTAAAz], on topic 65929842196c56fc60d4bb91 user Dev dav 
2.1.2024, 18:48:52 - INFO - chat-set-typing from socket [id: HnJfziIAEAMCNglTAAAz], on topic 65929842196c56fc60d4bb91 user Dev dav 
2.1.2024, 18:48:52 - INFO - chat-set-typing from socket [id: HnJfziIAEAMCNglTAAAz], on topic 65929842196c56fc60d4bb91 user Dev dav 
2.1.2024, 18:48:52 - INFO - chat-set-typing from socket [id: HnJfziIAEAMCNglTAAAz], on topic 65929842196c56fc60d4bb91 user Dev dav 
2.1.2024, 18:48:53 - INFO - chat-set-typing from socket [id: HnJfziIAEAMCNglTAAAz], on topic 65929842196c56fc60d4bb91 user Dev dav 
2.1.2024, 18:48:55 - INFO - New chat msg from socket [id: HnJfziIAEAMCNglTAAAz], emitting to topic 65929842196c56fc60d4bb91 
2.1.2024, 18:48:58 - INFO - chat-set-typing from socket [id: HnJfziIAEAMCNglTAAAz], on topic 65929842196c56fc60d4bb91 user Dev dav 
2.1.2024, 18:48:58 - INFO - chat-set-typing from socket [id: HnJfziIAEAMCNglTAAAz], on topic 65929842196c56fc60d4bb91 user Dev dav 
2.1.2024, 18:48:58 - INFO - chat-set-typing from socket [id: HnJfziIAEAMCNglTAAAz], on topic 65929842196c56fc60d4bb91 user Dev dav 
2.1.2024, 18:48:59 - INFO - chat-set-typing from socket [id: HnJfziIAEAMCNglTAAAz], on topic 65929842196c56fc60d4bb91 user Dev dav 
2.1.2024, 18:48:59 - INFO - chat-set-typing from socket [id: HnJfziIAEAMCNglTAAAz], on topic 65929842196c56fc60d4bb91 user Dev dav 
2.1.2024, 18:48:59 - INFO - chat-set-typing from socket [id: HnJfziIAEAMCNglTAAAz], on topic 65929842196c56fc60d4bb91 user Dev dav 
2.1.2024, 18:48:59 - INFO - chat-set-typing from socket [id: HnJfziIAEAMCNglTAAAz], on topic 65929842196c56fc60d4bb91 user Dev dav 
2.1.2024, 18:49:03 - INFO - chat-set-typing from socket [id: HnJfziIAEAMCNglTAAAz], on topic 65929842196c56fc60d4bb91 user Dev dav 
2.1.2024, 18:49:03 - INFO - chat-set-typing from socket [id: HnJfziIAEAMCNglTAAAz], on topic 65929842196c56fc60d4bb91 user Dev dav 
2.1.2024, 18:49:04 - INFO - chat-set-typing from socket [id: HnJfziIAEAMCNglTAAAz], on topic 65929842196c56fc60d4bb91 user Dev dav 
2.1.2024, 18:49:04 - INFO - chat-set-typing from socket [id: HnJfziIAEAMCNglTAAAz], on topic 65929842196c56fc60d4bb91 user Dev dav 
2.1.2024, 18:49:04 - INFO - chat-set-typing from socket [id: HnJfziIAEAMCNglTAAAz], on topic 65929842196c56fc60d4bb91 user Dev dav 
2.1.2024, 18:49:04 - INFO - chat-set-typing from socket [id: HnJfziIAEAMCNglTAAAz], on topic 65929842196c56fc60d4bb91 user Dev dav 
2.1.2024, 18:49:08 - INFO - New chat msg from socket [id: HnJfziIAEAMCNglTAAAz], emitting to topic 65929842196c56fc60d4bb91 
2.1.2024, 18:57:08 - INFO - Socket disconnected [id: undefined] 
2.1.2024, 18:57:08 - INFO - New connected socket [id: 7sV-sRjy7XsLH6lxAAA1] 
2.1.2024, 18:57:08 - INFO - Req was made | / 
2.1.2024, 18:57:08 - INFO - Setting socket.userId = 6592f524305b6c244dd43cf7 for socket [id: 7sV-sRjy7XsLH6lxAAA1] 
2.1.2024, 18:57:10 - INFO - chat-set-typing from socket [id: 7sV-sRjy7XsLH6lxAAA1], on topic 65929842196c56fc60d4bb91 user Harry Potter 
2.1.2024, 18:57:10 - INFO - chat-set-typing from socket [id: 7sV-sRjy7XsLH6lxAAA1], on topic 65929842196c56fc60d4bb91 user Harry Potter 
2.1.2024, 18:57:10 - INFO - chat-set-typing from socket [id: 7sV-sRjy7XsLH6lxAAA1], on topic 65929842196c56fc60d4bb91 user Harry Potter 
2.1.2024, 18:57:10 - INFO - chat-set-typing from socket [id: 7sV-sRjy7XsLH6lxAAA1], on topic 65929842196c56fc60d4bb91 user Harry Potter 
2.1.2024, 18:57:10 - INFO - chat-set-typing from socket [id: 7sV-sRjy7XsLH6lxAAA1], on topic 65929842196c56fc60d4bb91 user Harry Potter 
2.1.2024, 18:57:10 - INFO - chat-set-typing from socket [id: 7sV-sRjy7XsLH6lxAAA1], on topic 65929842196c56fc60d4bb91 user Harry Potter 
2.1.2024, 18:57:11 - INFO - chat-set-typing from socket [id: 7sV-sRjy7XsLH6lxAAA1], on topic 65929842196c56fc60d4bb91 user Harry Potter 
2.1.2024, 18:57:12 - INFO - chat-set-typing from socket [id: 7sV-sRjy7XsLH6lxAAA1], on topic 65929842196c56fc60d4bb91 user Harry Potter 
2.1.2024, 18:57:12 - INFO - chat-set-typing from socket [id: 7sV-sRjy7XsLH6lxAAA1], on topic 65929842196c56fc60d4bb91 user Harry Potter 
2.1.2024, 18:57:12 - INFO - chat-set-typing from socket [id: 7sV-sRjy7XsLH6lxAAA1], on topic 65929842196c56fc60d4bb91 user Harry Potter 
2.1.2024, 18:57:12 - INFO - chat-set-typing from socket [id: 7sV-sRjy7XsLH6lxAAA1], on topic 65929842196c56fc60d4bb91 user Harry Potter 
2.1.2024, 18:57:13 - INFO - chat-set-typing from socket [id: 7sV-sRjy7XsLH6lxAAA1], on topic 65929842196c56fc60d4bb91 user Harry Potter 
2.1.2024, 18:57:15 - INFO - chat-set-typing from socket [id: 7sV-sRjy7XsLH6lxAAA1], on topic 65929842196c56fc60d4bb91 user Harry Potter 
2.1.2024, 18:57:16 - INFO - New chat msg from socket [id: 7sV-sRjy7XsLH6lxAAA1], emitting to topic 65929842196c56fc60d4bb91 
2.1.2024, 18:57:25 - INFO - chat-set-typing from socket [id: 7sV-sRjy7XsLH6lxAAA1], on topic 65929842196c56fc60d4bb91 user Harry Potter 
2.1.2024, 18:57:26 - INFO - chat-set-typing from socket [id: 7sV-sRjy7XsLH6lxAAA1], on topic 65929842196c56fc60d4bb91 user Harry Potter 
2.1.2024, 18:57:26 - INFO - chat-set-typing from socket [id: 7sV-sRjy7XsLH6lxAAA1], on topic 65929842196c56fc60d4bb91 user Harry Potter 
2.1.2024, 18:57:26 - INFO - chat-set-typing from socket [id: 7sV-sRjy7XsLH6lxAAA1], on topic 65929842196c56fc60d4bb91 user Harry Potter 
2.1.2024, 18:57:26 - INFO - chat-set-typing from socket [id: 7sV-sRjy7XsLH6lxAAA1], on topic 65929842196c56fc60d4bb91 user Harry Potter 
2.1.2024, 18:57:28 - INFO - chat-set-typing from socket [id: HnJfziIAEAMCNglTAAAz], on topic 65929842196c56fc60d4bb91 user Dev dav 
2.1.2024, 18:57:28 - INFO - chat-set-typing from socket [id: HnJfziIAEAMCNglTAAAz], on topic 65929842196c56fc60d4bb91 user Dev dav 
2.1.2024, 18:57:29 - INFO - chat-set-typing from socket [id: HnJfziIAEAMCNglTAAAz], on topic 65929842196c56fc60d4bb91 user Dev dav 
2.1.2024, 18:57:29 - INFO - chat-set-typing from socket [id: HnJfziIAEAMCNglTAAAz], on topic 65929842196c56fc60d4bb91 user Dev dav 
2.1.2024, 18:57:29 - INFO - chat-set-typing from socket [id: HnJfziIAEAMCNglTAAAz], on topic 65929842196c56fc60d4bb91 user Dev dav 
2.1.2024, 18:57:29 - INFO - chat-set-typing from socket [id: HnJfziIAEAMCNglTAAAz], on topic 65929842196c56fc60d4bb91 user Dev dav 
2.1.2024, 18:57:30 - INFO - chat-set-typing from socket [id: HnJfziIAEAMCNglTAAAz], on topic 65929842196c56fc60d4bb91 user Dev dav 
2.1.2024, 18:57:49 - INFO - New connected socket [id: GO3R9cFPJsZNDseGAAA3] 
2.1.2024, 18:57:49 - INFO - Req was made | / 
2.1.2024, 18:57:54 - INFO - chat-set-typing from socket [id: GO3R9cFPJsZNDseGAAA3], on topic 65929842196c56fc60d4bb91 user Guest 
2.1.2024, 18:57:54 - INFO - chat-set-typing from socket [id: GO3R9cFPJsZNDseGAAA3], on topic 65929842196c56fc60d4bb91 user Guest 
2.1.2024, 18:57:54 - INFO - chat-set-typing from socket [id: GO3R9cFPJsZNDseGAAA3], on topic 65929842196c56fc60d4bb91 user Guest 
2.1.2024, 18:57:54 - INFO - chat-set-typing from socket [id: GO3R9cFPJsZNDseGAAA3], on topic 65929842196c56fc60d4bb91 user Guest 
2.1.2024, 18:57:54 - INFO - chat-set-typing from socket [id: GO3R9cFPJsZNDseGAAA3], on topic 65929842196c56fc60d4bb91 user Guest 
2.1.2024, 18:57:55 - INFO - chat-set-typing from socket [id: GO3R9cFPJsZNDseGAAA3], on topic 65929842196c56fc60d4bb91 user Guest 
2.1.2024, 18:57:55 - INFO - chat-set-typing from socket [id: GO3R9cFPJsZNDseGAAA3], on topic 65929842196c56fc60d4bb91 user Guest 
2.1.2024, 18:57:56 - INFO - chat-set-typing from socket [id: 7sV-sRjy7XsLH6lxAAA1], on topic 65929842196c56fc60d4bb91 user Harry Potter 
2.1.2024, 18:57:56 - INFO - chat-set-typing from socket [id: 7sV-sRjy7XsLH6lxAAA1], on topic 65929842196c56fc60d4bb91 user Harry Potter 
2.1.2024, 18:57:56 - INFO - chat-set-typing from socket [id: 7sV-sRjy7XsLH6lxAAA1], on topic 65929842196c56fc60d4bb91 user Harry Potter 
2.1.2024, 18:57:56 - INFO - chat-set-typing from socket [id: 7sV-sRjy7XsLH6lxAAA1], on topic 65929842196c56fc60d4bb91 user Harry Potter 
2.1.2024, 18:57:57 - INFO - chat-set-typing from socket [id: 7sV-sRjy7XsLH6lxAAA1], on topic 65929842196c56fc60d4bb91 user Harry Potter 
2.1.2024, 18:57:57 - INFO - chat-set-typing from socket [id: 7sV-sRjy7XsLH6lxAAA1], on topic 65929842196c56fc60d4bb91 user Harry Potter 
2.1.2024, 18:57:57 - INFO - chat-set-typing from socket [id: 7sV-sRjy7XsLH6lxAAA1], on topic 65929842196c56fc60d4bb91 user Harry Potter 
2.1.2024, 18:57:59 - INFO - chat-set-typing from socket [id: HnJfziIAEAMCNglTAAAz], on topic 65929842196c56fc60d4bb91 user Dev dav 
2.1.2024, 18:57:59 - INFO - chat-set-typing from socket [id: HnJfziIAEAMCNglTAAAz], on topic 65929842196c56fc60d4bb91 user Dev dav 
2.1.2024, 18:57:59 - INFO - chat-set-typing from socket [id: HnJfziIAEAMCNglTAAAz], on topic 65929842196c56fc60d4bb91 user Dev dav 
2.1.2024, 18:57:59 - INFO - chat-set-typing from socket [id: HnJfziIAEAMCNglTAAAz], on topic 65929842196c56fc60d4bb91 user Dev dav 
2.1.2024, 18:57:59 - INFO - chat-set-typing from socket [id: HnJfziIAEAMCNglTAAAz], on topic 65929842196c56fc60d4bb91 user Dev dav 
2.1.2024, 18:57:59 - INFO - chat-set-typing from socket [id: HnJfziIAEAMCNglTAAAz], on topic 65929842196c56fc60d4bb91 user Dev dav 
2.1.2024, 18:57:59 - INFO - chat-set-typing from socket [id: HnJfziIAEAMCNglTAAAz], on topic 65929842196c56fc60d4bb91 user Dev dav 
2.1.2024, 18:58:00 - INFO - chat-set-typing from socket [id: HnJfziIAEAMCNglTAAAz], on topic 65929842196c56fc60d4bb91 user Dev dav 
2.1.2024, 18:58:00 - INFO - chat-set-typing from socket [id: HnJfziIAEAMCNglTAAAz], on topic 65929842196c56fc60d4bb91 user Dev dav 
2.1.2024, 18:58:00 - INFO - chat-set-typing from socket [id: HnJfziIAEAMCNglTAAAz], on topic 65929842196c56fc60d4bb91 user Dev dav 
2.1.2024, 18:58:00 - INFO - chat-set-typing from socket [id: HnJfziIAEAMCNglTAAAz], on topic 65929842196c56fc60d4bb91 user Dev dav 
2.1.2024, 18:58:00 - INFO - chat-set-typing from socket [id: HnJfziIAEAMCNglTAAAz], on topic 65929842196c56fc60d4bb91 user Dev dav 
2.1.2024, 18:58:02 - INFO - chat-set-typing from socket [id: 7sV-sRjy7XsLH6lxAAA1], on topic 65929842196c56fc60d4bb91 user Harry Potter 
2.1.2024, 18:58:02 - INFO - chat-set-typing from socket [id: 7sV-sRjy7XsLH6lxAAA1], on topic 65929842196c56fc60d4bb91 user Harry Potter 
2.1.2024, 18:58:02 - INFO - chat-set-typing from socket [id: 7sV-sRjy7XsLH6lxAAA1], on topic 65929842196c56fc60d4bb91 user Harry Potter 
2.1.2024, 18:58:03 - INFO - chat-set-typing from socket [id: 7sV-sRjy7XsLH6lxAAA1], on topic 65929842196c56fc60d4bb91 user Harry Potter 
2.1.2024, 18:58:03 - INFO - chat-set-typing from socket [id: 7sV-sRjy7XsLH6lxAAA1], on topic 65929842196c56fc60d4bb91 user Harry Potter 
2.1.2024, 18:58:03 - INFO - chat-set-typing from socket [id: 7sV-sRjy7XsLH6lxAAA1], on topic 65929842196c56fc60d4bb91 user Harry Potter 
2.1.2024, 18:58:03 - INFO - chat-set-typing from socket [id: 7sV-sRjy7XsLH6lxAAA1], on topic 65929842196c56fc60d4bb91 user Harry Potter 
2.1.2024, 18:58:03 - INFO - chat-set-typing from socket [id: 7sV-sRjy7XsLH6lxAAA1], on topic 65929842196c56fc60d4bb91 user Harry Potter 
2.1.2024, 18:58:03 - INFO - chat-set-typing from socket [id: 7sV-sRjy7XsLH6lxAAA1], on topic 65929842196c56fc60d4bb91 user Harry Potter 
2.1.2024, 18:58:03 - INFO - chat-set-typing from socket [id: 7sV-sRjy7XsLH6lxAAA1], on topic 65929842196c56fc60d4bb91 user Harry Potter 
2.1.2024, 18:58:04 - INFO - chat-set-typing from socket [id: 7sV-sRjy7XsLH6lxAAA1], on topic 65929842196c56fc60d4bb91 user Harry Potter 
2.1.2024, 18:58:06 - INFO - chat-set-typing from socket [id: HnJfziIAEAMCNglTAAAz], on topic 65929842196c56fc60d4bb91 user Dev dav 
2.1.2024, 18:58:06 - INFO - chat-set-typing from socket [id: HnJfziIAEAMCNglTAAAz], on topic 65929842196c56fc60d4bb91 user Dev dav 
2.1.2024, 18:58:06 - INFO - chat-set-typing from socket [id: HnJfziIAEAMCNglTAAAz], on topic 65929842196c56fc60d4bb91 user Dev dav 
2.1.2024, 18:58:06 - INFO - chat-set-typing from socket [id: HnJfziIAEAMCNglTAAAz], on topic 65929842196c56fc60d4bb91 user Dev dav 
2.1.2024, 18:58:06 - INFO - chat-set-typing from socket [id: HnJfziIAEAMCNglTAAAz], on topic 65929842196c56fc60d4bb91 user Dev dav 
2.1.2024, 18:58:06 - INFO - chat-set-typing from socket [id: HnJfziIAEAMCNglTAAAz], on topic 65929842196c56fc60d4bb91 user Dev dav 
2.1.2024, 18:58:07 - INFO - chat-set-typing from socket [id: HnJfziIAEAMCNglTAAAz], on topic 65929842196c56fc60d4bb91 user Dev dav 
2.1.2024, 18:58:10 - INFO - Socket disconnected [id: undefined] 
2.1.2024, 18:58:10 - INFO - Req was made | / 
2.1.2024, 18:58:10 - INFO - New connected socket [id: 8Y6P8zeFTWOWmR2RAAA5] 
2.1.2024, 18:58:10 - INFO - Setting socket.userId = 6592f524305b6c244dd43cf7 for socket [id: 8Y6P8zeFTWOWmR2RAAA5] 
2.1.2024, 18:58:11 - INFO - Socket disconnected [id: undefined] 
2.1.2024, 18:58:11 - INFO - New connected socket [id: bUYP1dG3GWzlnP29AAA7] 
2.1.2024, 18:58:11 - INFO - Req was made | / 
2.1.2024, 18:58:11 - INFO - Setting socket.userId = 6592f524305b6c244dd43cf7 for socket [id: bUYP1dG3GWzlnP29AAA7] 
2.1.2024, 18:58:14 - INFO - Socket disconnected [id: undefined] 
2.1.2024, 18:58:14 - INFO - New connected socket [id: dqn7m7gcBNxQxaumAAA9] 
2.1.2024, 18:58:14 - INFO - Req was made | / 
2.1.2024, 18:58:17 - INFO - Socket disconnected [id: undefined] 
2.1.2024, 18:58:17 - INFO - New connected socket [id: 4KGpavuAKQuAckPzAAA_] 
2.1.2024, 18:58:17 - INFO - Req was made | / 
2.1.2024, 18:58:17 - INFO - Setting socket.userId = 65929bbb1a92dca186f8cac3 for socket [id: 4KGpavuAKQuAckPzAAA_] 
2.1.2024, 18:58:21 - INFO - chat-set-typing from socket [id: 4KGpavuAKQuAckPzAAA_], on topic 65929842196c56fc60d4bb91 user Dev dav 
2.1.2024, 18:58:21 - INFO - chat-set-typing from socket [id: 4KGpavuAKQuAckPzAAA_], on topic 65929842196c56fc60d4bb91 user Dev dav 
2.1.2024, 18:58:21 - INFO - chat-set-typing from socket [id: 4KGpavuAKQuAckPzAAA_], on topic 65929842196c56fc60d4bb91 user Dev dav 
2.1.2024, 18:58:23 - INFO - chat-set-typing from socket [id: bUYP1dG3GWzlnP29AAA7], on topic 65929842196c56fc60d4bb91 user Harry Potter 
2.1.2024, 18:58:23 - INFO - chat-set-typing from socket [id: bUYP1dG3GWzlnP29AAA7], on topic 65929842196c56fc60d4bb91 user Harry Potter 
2.1.2024, 18:58:23 - INFO - chat-set-typing from socket [id: bUYP1dG3GWzlnP29AAA7], on topic 65929842196c56fc60d4bb91 user Harry Potter 
2.1.2024, 18:58:24 - INFO - chat-set-typing from socket [id: bUYP1dG3GWzlnP29AAA7], on topic 65929842196c56fc60d4bb91 user Harry Potter 
2.1.2024, 18:58:24 - INFO - chat-set-typing from socket [id: bUYP1dG3GWzlnP29AAA7], on topic 65929842196c56fc60d4bb91 user Harry Potter 
2.1.2024, 18:58:24 - INFO - chat-set-typing from socket [id: bUYP1dG3GWzlnP29AAA7], on topic 65929842196c56fc60d4bb91 user Harry Potter 
2.1.2024, 18:58:29 - INFO - chat-set-typing from socket [id: 4KGpavuAKQuAckPzAAA_], on topic 65929842196c56fc60d4bb91 user Dev dav 
2.1.2024, 18:58:29 - INFO - chat-set-typing from socket [id: 4KGpavuAKQuAckPzAAA_], on topic 65929842196c56fc60d4bb91 user Dev dav 
2.1.2024, 18:58:29 - INFO - chat-set-typing from socket [id: 4KGpavuAKQuAckPzAAA_], on topic 65929842196c56fc60d4bb91 user Dev dav 
2.1.2024, 18:58:29 - INFO - chat-set-typing from socket [id: 4KGpavuAKQuAckPzAAA_], on topic 65929842196c56fc60d4bb91 user Dev dav 
2.1.2024, 18:58:31 - INFO - chat-set-typing from socket [id: bUYP1dG3GWzlnP29AAA7], on topic 65929842196c56fc60d4bb91 user Harry Potter 
2.1.2024, 18:58:31 - INFO - chat-set-typing from socket [id: bUYP1dG3GWzlnP29AAA7], on topic 65929842196c56fc60d4bb91 user Harry Potter 
2.1.2024, 18:58:31 - INFO - chat-set-typing from socket [id: bUYP1dG3GWzlnP29AAA7], on topic 65929842196c56fc60d4bb91 user Harry Potter 
2.1.2024, 18:58:31 - INFO - chat-set-typing from socket [id: bUYP1dG3GWzlnP29AAA7], on topic 65929842196c56fc60d4bb91 user Harry Potter 
2.1.2024, 18:58:31 - INFO - chat-set-typing from socket [id: bUYP1dG3GWzlnP29AAA7], on topic 65929842196c56fc60d4bb91 user Harry Potter 
2.1.2024, 18:58:32 - INFO - chat-set-typing from socket [id: bUYP1dG3GWzlnP29AAA7], on topic 65929842196c56fc60d4bb91 user Harry Potter 
2.1.2024, 18:58:32 - INFO - chat-set-typing from socket [id: bUYP1dG3GWzlnP29AAA7], on topic 65929842196c56fc60d4bb91 user Harry Potter 
2.1.2024, 18:58:32 - INFO - chat-set-typing from socket [id: bUYP1dG3GWzlnP29AAA7], on topic 65929842196c56fc60d4bb91 user Harry Potter 
2.1.2024, 18:58:33 - INFO - chat-set-typing from socket [id: bUYP1dG3GWzlnP29AAA7], on topic 65929842196c56fc60d4bb91 user Harry Potter 
2.1.2024, 18:58:35 - INFO - chat-set-typing from socket [id: bUYP1dG3GWzlnP29AAA7], on topic 65929842196c56fc60d4bb91 user Harry Potter 
2.1.2024, 18:58:35 - INFO - chat-set-typing from socket [id: bUYP1dG3GWzlnP29AAA7], on topic 65929842196c56fc60d4bb91 user Harry Potter 
2.1.2024, 18:58:36 - INFO - chat-set-typing from socket [id: bUYP1dG3GWzlnP29AAA7], on topic 65929842196c56fc60d4bb91 user Harry Potter 
2.1.2024, 18:58:36 - INFO - chat-set-typing from socket [id: bUYP1dG3GWzlnP29AAA7], on topic 65929842196c56fc60d4bb91 user Harry Potter 
2.1.2024, 18:58:38 - INFO - chat-set-typing from socket [id: 4KGpavuAKQuAckPzAAA_], on topic 65929842196c56fc60d4bb91 user Dev dav 
2.1.2024, 18:58:38 - INFO - chat-set-typing from socket [id: 4KGpavuAKQuAckPzAAA_], on topic 65929842196c56fc60d4bb91 user Dev dav 
2.1.2024, 18:58:38 - INFO - chat-set-typing from socket [id: 4KGpavuAKQuAckPzAAA_], on topic 65929842196c56fc60d4bb91 user Dev dav 
2.1.2024, 18:58:38 - INFO - chat-set-typing from socket [id: 4KGpavuAKQuAckPzAAA_], on topic 65929842196c56fc60d4bb91 user Dev dav 
2.1.2024, 18:58:39 - INFO - chat-set-typing from socket [id: 4KGpavuAKQuAckPzAAA_], on topic 65929842196c56fc60d4bb91 user Dev dav 
2.1.2024, 18:58:39 - INFO - chat-set-typing from socket [id: 4KGpavuAKQuAckPzAAA_], on topic 65929842196c56fc60d4bb91 user Dev dav 
2.1.2024, 18:58:39 - INFO - chat-set-typing from socket [id: 4KGpavuAKQuAckPzAAA_], on topic 65929842196c56fc60d4bb91 user Dev dav 
2.1.2024, 18:58:39 - INFO - chat-set-typing from socket [id: 4KGpavuAKQuAckPzAAA_], on topic 65929842196c56fc60d4bb91 user Dev dav 
2.1.2024, 18:58:41 - INFO - chat-set-typing from socket [id: bUYP1dG3GWzlnP29AAA7], on topic 65929842196c56fc60d4bb91 user Harry Potter 
2.1.2024, 18:58:42 - INFO - chat-set-typing from socket [id: bUYP1dG3GWzlnP29AAA7], on topic 65929842196c56fc60d4bb91 user Harry Potter 
2.1.2024, 18:58:42 - INFO - chat-set-typing from socket [id: bUYP1dG3GWzlnP29AAA7], on topic 65929842196c56fc60d4bb91 user Harry Potter 
2.1.2024, 18:58:42 - INFO - chat-set-typing from socket [id: bUYP1dG3GWzlnP29AAA7], on topic 65929842196c56fc60d4bb91 user Harry Potter 
2.1.2024, 18:58:42 - INFO - chat-set-typing from socket [id: bUYP1dG3GWzlnP29AAA7], on topic 65929842196c56fc60d4bb91 user Harry Potter 
2.1.2024, 18:58:42 - INFO - chat-set-typing from socket [id: bUYP1dG3GWzlnP29AAA7], on topic 65929842196c56fc60d4bb91 user Harry Potter 
2.1.2024, 18:58:44 - INFO - chat-set-typing from socket [id: 4KGpavuAKQuAckPzAAA_], on topic 65929842196c56fc60d4bb91 user Dev dav 
2.1.2024, 18:58:45 - INFO - chat-set-typing from socket [id: 4KGpavuAKQuAckPzAAA_], on topic 65929842196c56fc60d4bb91 user Dev dav 
2.1.2024, 18:58:45 - INFO - chat-set-typing from socket [id: 4KGpavuAKQuAckPzAAA_], on topic 65929842196c56fc60d4bb91 user Dev dav 
2.1.2024, 18:58:45 - INFO - chat-set-typing from socket [id: 4KGpavuAKQuAckPzAAA_], on topic 65929842196c56fc60d4bb91 user Dev dav 
2.1.2024, 18:58:45 - INFO - chat-set-typing from socket [id: 4KGpavuAKQuAckPzAAA_], on topic 65929842196c56fc60d4bb91 user Dev dav 
2.1.2024, 18:58:45 - INFO - chat-set-typing from socket [id: 4KGpavuAKQuAckPzAAA_], on topic 65929842196c56fc60d4bb91 user Dev dav 
2.1.2024, 18:58:52 - INFO - chat-set-typing from socket [id: bUYP1dG3GWzlnP29AAA7], on topic 65929842196c56fc60d4bb91 user Harry Potter 
2.1.2024, 18:58:53 - INFO - chat-set-typing from socket [id: bUYP1dG3GWzlnP29AAA7], on topic 65929842196c56fc60d4bb91 user Harry Potter 
2.1.2024, 18:58:53 - INFO - chat-set-typing from socket [id: bUYP1dG3GWzlnP29AAA7], on topic 65929842196c56fc60d4bb91 user Harry Potter 
2.1.2024, 18:58:53 - INFO - chat-set-typing from socket [id: bUYP1dG3GWzlnP29AAA7], on topic 65929842196c56fc60d4bb91 user Harry Potter 
2.1.2024, 18:58:54 - INFO - chat-set-typing from socket [id: 4KGpavuAKQuAckPzAAA_], on topic 65929842196c56fc60d4bb91 user Dev dav 
2.1.2024, 18:58:54 - INFO - chat-set-typing from socket [id: 4KGpavuAKQuAckPzAAA_], on topic 65929842196c56fc60d4bb91 user Dev dav 
2.1.2024, 18:58:54 - INFO - chat-set-typing from socket [id: 4KGpavuAKQuAckPzAAA_], on topic 65929842196c56fc60d4bb91 user Dev dav 
2.1.2024, 18:58:54 - INFO - chat-set-typing from socket [id: 4KGpavuAKQuAckPzAAA_], on topic 65929842196c56fc60d4bb91 user Dev dav 
2.1.2024, 18:58:54 - INFO - chat-set-typing from socket [id: 4KGpavuAKQuAckPzAAA_], on topic 65929842196c56fc60d4bb91 user Dev dav 
2.1.2024, 18:58:55 - INFO - chat-set-typing from socket [id: 4KGpavuAKQuAckPzAAA_], on topic 65929842196c56fc60d4bb91 user Dev dav 
2.1.2024, 18:59:12 - INFO - Socket disconnected [id: undefined] 
2.1.2024, 19:02:24 - INFO - Socket disconnected [id: undefined] 
2.1.2024, 19:02:25 - INFO - New connected socket [id: vI6ATP5I68IwuFXOAABB] 
2.1.2024, 19:02:25 - INFO - Req was made | / 
2.1.2024, 19:02:25 - INFO - Setting socket.userId = 6592f524305b6c244dd43cf7 for socket [id: vI6ATP5I68IwuFXOAABB] 
2.1.2024, 19:02:29 - INFO - Req was made | / 
2.1.2024, 19:03:05 - INFO - Req was made | / 
2.1.2024, 19:03:05 - INFO - Req was made | / 
2.1.2024, 19:03:24 - INFO - Req was made | / 
2.1.2024, 19:05:19 - INFO - Req was made | / 
2.1.2024, 19:05:19 - INFO - Req was made | / 
2.1.2024, 19:05:31 - INFO - Socket disconnected [id: undefined] 
2.1.2024, 19:05:31 - INFO - New connected socket [id: HGJ-sM-LVr5WchtqAABD] 
2.1.2024, 19:05:31 - INFO - Req was made | / 
2.1.2024, 19:05:31 - INFO - Setting socket.userId = 6592f524305b6c244dd43cf7 for socket [id: HGJ-sM-LVr5WchtqAABD] 
2.1.2024, 19:05:34 - INFO - Req was made | / 
2.1.2024, 19:05:34 - INFO - Req was made | / 
2.1.2024, 19:05:34 - INFO - Req was made | / 
2.1.2024, 19:06:22 - INFO - Socket disconnected [id: undefined] 
2.1.2024, 19:06:22 - INFO - Socket disconnected [id: undefined] 
2.1.2024, 19:06:22 - INFO - New connected socket [id: AT46B15OenyPZLRwAABF] 
2.1.2024, 19:06:22 - INFO - Req was made | / 
2.1.2024, 19:06:22 - INFO - Setting socket.userId = 6592f524305b6c244dd43cf7 for socket [id: AT46B15OenyPZLRwAABF] 
2.1.2024, 19:06:22 - INFO - New connected socket [id: I6pzeXuL3KYFp9RoAABH] 
2.1.2024, 19:06:22 - INFO - Req was made | / 
2.1.2024, 19:06:22 - INFO - Setting socket.userId = 65929bbb1a92dca186f8cac3 for socket [id: I6pzeXuL3KYFp9RoAABH] 
2.1.2024, 19:07:54 - INFO - Socket disconnected [id: undefined] 
2.1.2024, 19:07:54 - INFO - Socket disconnected [id: undefined] 
2.1.2024, 19:07:54 - INFO - New connected socket [id: z6TOCdLthr7ZgqVhAABJ] 
2.1.2024, 19:07:54 - INFO - New connected socket [id: r1W5xD-4M6Yn91X2AABL] 
2.1.2024, 19:07:54 - INFO - Req was made | / 
2.1.2024, 19:07:54 - INFO - Setting socket.userId = 6592f524305b6c244dd43cf7 for socket [id: z6TOCdLthr7ZgqVhAABJ] 
2.1.2024, 19:07:54 - INFO - Setting socket.userId = 65929bbb1a92dca186f8cac3 for socket [id: r1W5xD-4M6Yn91X2AABL] 
2.1.2024, 19:07:54 - INFO - Req was made | / 
2.1.2024, 19:08:00 - INFO - Socket disconnected [id: undefined] 
2.1.2024, 19:08:00 - INFO - Req was made | / 
2.1.2024, 19:08:00 - INFO - New connected socket [id: e_tafbYFq804Etz_AABN] 
2.1.2024, 19:08:00 - INFO - Setting socket.userId = 6592f524305b6c244dd43cf7 for socket [id: e_tafbYFq804Etz_AABN] 
2.1.2024, 19:11:46 - INFO - Socket disconnected [id: undefined] 
2.1.2024, 19:11:46 - INFO - New connected socket [id: T3-x_e0A6_E4iQzxAABP] 
2.1.2024, 19:11:46 - INFO - Req was made | / 
2.1.2024, 19:11:46 - INFO - Setting socket.userId = 6592f524305b6c244dd43cf7 for socket [id: T3-x_e0A6_E4iQzxAABP] 
2.1.2024, 19:11:50 - INFO - Socket disconnected [id: undefined] 
2.1.2024, 19:11:51 - INFO - New connected socket [id: o5d7OoxVo0cPz1XiAABR] 
2.1.2024, 19:11:51 - INFO - Setting socket.userId = 6592f524305b6c244dd43cf7 for socket [id: o5d7OoxVo0cPz1XiAABR] 
2.1.2024, 19:16:15 - INFO - Socket disconnected [id: undefined] 
2.1.2024, 19:16:15 - INFO - New connected socket [id: mD1UtdiE0AGgXtteAABT] 
2.1.2024, 19:16:15 - INFO - Setting socket.userId = 6592f524305b6c244dd43cf7 for socket [id: mD1UtdiE0AGgXtteAABT] 
2.1.2024, 19:17:48 - INFO - Socket disconnected [id: undefined] 
2.1.2024, 19:17:48 - INFO - New connected socket [id: fYgfuAmX5nb8LbsnAABV] 
2.1.2024, 19:17:48 - INFO - Setting socket.userId = 6592f524305b6c244dd43cf7 for socket [id: fYgfuAmX5nb8LbsnAABV] 
2.1.2024, 19:17:50 - INFO - Req was made | / 
2.1.2024, 19:17:50 - INFO - Req was made | / 
2.1.2024, 19:17:51 - INFO - Req was made | / 
2.1.2024, 19:18:06 - INFO - Req was made | / 
2.1.2024, 19:18:19 - INFO - Req was made | / 
2.1.2024, 19:18:19 - INFO - Req was made | / 
2.1.2024, 19:18:20 - INFO - Req was made | / 
2.1.2024, 19:19:25 - INFO - Socket disconnected [id: undefined] 
2.1.2024, 19:19:25 - INFO - Req was made | / 
2.1.2024, 19:19:25 - INFO - New connected socket [id: eyFV_7sXHKcHekVRAABX] 
2.1.2024, 19:19:25 - INFO - Setting socket.userId = 6592f524305b6c244dd43cf7 for socket [id: eyFV_7sXHKcHekVRAABX] 
2.1.2024, 19:23:11 - INFO - Req was made | / 
2.1.2024, 19:23:11 - INFO - Req was made | / 
2.1.2024, 19:23:17 - INFO - Req was made | / 
2.1.2024, 19:23:17 - INFO - Req was made | / 
2.1.2024, 19:25:54 - INFO - Req was made | / 
2.1.2024, 19:25:54 - INFO - Req was made | / 
2.1.2024, 19:25:55 - INFO - Req was made | / 
2.1.2024, 19:26:34 - DEBUG - auth.service - login with username: dev 
2.1.2024, 19:26:34 - INFO - User login:  | {"_id":"65929bbb1a92dca186f8cac3","username":"dev","fullname":"Dev dav","isAdmin":true,"score":0} 
2.1.2024, 19:26:39 - INFO - Req was made | / 
2.1.2024, 19:26:41 - INFO - Req was made | / 
2.1.2024, 19:26:42 - INFO - Req was made | / 
2.1.2024, 19:26:42 - INFO - Req was made | / 
2.1.2024, 19:27:47 - INFO - Socket disconnected [id: undefined] 
2.1.2024, 19:27:47 - INFO - Req was made | / 
2.1.2024, 19:27:47 - INFO - New connected socket [id: _Ni1xnWoB2rPBYPfAABZ] 
2.1.2024, 19:27:47 - INFO - Setting socket.userId = 65929bbb1a92dca186f8cac3 for socket [id: _Ni1xnWoB2rPBYPfAABZ] 
2.1.2024, 19:27:47 - INFO - Req was made | / 
2.1.2024, 19:27:48 - INFO - Req was made | / 
2.1.2024, 19:28:05 - DEBUG - auth.service - login with username: dev 
2.1.2024, 19:28:06 - INFO - User login:  | {"_id":"65929bbb1a92dca186f8cac3","username":"dev","fullname":"Dev dav","isAdmin":true,"score":0} 
2.1.2024, 19:30:50 - INFO - Socket disconnected [id: undefined] 
2.1.2024, 19:30:50 - INFO - New connected socket [id: i4nLIcdZsHcjRnSHAABb] 
2.1.2024, 19:30:50 - INFO - Setting socket.userId = 65929bbb1a92dca186f8cac3 for socket [id: i4nLIcdZsHcjRnSHAABb] 
2.1.2024, 19:31:02 - INFO - Socket disconnected [id: undefined] 
2.1.2024, 19:31:03 - INFO - New connected socket [id: u2r5N5Jv5Vi2MtouAABd] 
2.1.2024, 19:31:03 - INFO - Setting socket.userId = 65929bbb1a92dca186f8cac3 for socket [id: u2r5N5Jv5Vi2MtouAABd] 
2.1.2024, 19:32:05 - INFO - Socket disconnected [id: undefined] 
2.1.2024, 19:32:05 - INFO - New connected socket [id: 87ebgRRBpF16l8UvAABf] 
2.1.2024, 19:32:05 - INFO - Setting socket.userId = 65929bbb1a92dca186f8cac3 for socket [id: 87ebgRRBpF16l8UvAABf] 
2.1.2024, 19:35:04 - INFO - Socket disconnected [id: undefined] 
2.1.2024, 19:35:04 - INFO - New connected socket [id: N5jWdDACEWqoFLdUAABh] 
2.1.2024, 19:35:04 - INFO - Setting socket.userId = 65929bbb1a92dca186f8cac3 for socket [id: N5jWdDACEWqoFLdUAABh] 
2.1.2024, 19:35:27 - INFO - Socket disconnected [id: undefined] 
2.1.2024, 19:35:27 - INFO - New connected socket [id: KoRa2mXCEPA_XVctAABj] 
2.1.2024, 19:35:27 - INFO - Setting socket.userId = 65929bbb1a92dca186f8cac3 for socket [id: KoRa2mXCEPA_XVctAABj] 
2.1.2024, 19:38:47 - INFO - Socket disconnected [id: undefined] 
2.1.2024, 19:38:47 - INFO - New connected socket [id: 0kIxOOGpTbbSq62TAABl] 
2.1.2024, 19:38:47 - INFO - Setting socket.userId = 65929bbb1a92dca186f8cac3 for socket [id: 0kIxOOGpTbbSq62TAABl] 
2.1.2024, 19:38:53 - INFO - Socket disconnected [id: undefined] 
2.1.2024, 19:38:53 - INFO - New connected socket [id: LK2UTdCFNw6yRfr1AABn] 
2.1.2024, 19:38:53 - INFO - Setting socket.userId = 65929bbb1a92dca186f8cac3 for socket [id: LK2UTdCFNw6yRfr1AABn] 
2.1.2024, 19:39:28 - INFO - Socket disconnected [id: undefined] 
2.1.2024, 19:39:28 - INFO - New connected socket [id: 1jWH9lPw-poAJj8DAABp] 
2.1.2024, 19:39:28 - INFO - Setting socket.userId = 65929bbb1a92dca186f8cac3 for socket [id: 1jWH9lPw-poAJj8DAABp] 
2.1.2024, 19:39:40 - INFO - Socket disconnected [id: undefined] 
2.1.2024, 19:39:40 - INFO - New connected socket [id: jHiSfg-s3Ci967bpAABr] 
2.1.2024, 19:39:40 - INFO - Setting socket.userId = 65929bbb1a92dca186f8cac3 for socket [id: jHiSfg-s3Ci967bpAABr] 
2.1.2024, 19:41:00 - INFO - Socket disconnected [id: undefined] 
2.1.2024, 19:41:00 - INFO - New connected socket [id: 97Gk2NpbfNd67b7BAABt] 
2.1.2024, 19:41:01 - INFO - Setting socket.userId = 65929bbb1a92dca186f8cac3 for socket [id: 97Gk2NpbfNd67b7BAABt] 
2.1.2024, 19:41:41 - INFO - Socket disconnected [id: undefined] 
2.1.2024, 19:41:41 - INFO - New connected socket [id: _pAJfd_6Ezu7cNV0AABv] 
2.1.2024, 19:41:41 - INFO - Setting socket.userId = 65929bbb1a92dca186f8cac3 for socket [id: _pAJfd_6Ezu7cNV0AABv] 
2.1.2024, 19:42:37 - INFO - Socket disconnected [id: undefined] 
2.1.2024, 19:42:37 - INFO - New connected socket [id: S0jQVE7O6L3y5p3PAABx] 
2.1.2024, 19:42:37 - INFO - Setting socket.userId = 65929bbb1a92dca186f8cac3 for socket [id: S0jQVE7O6L3y5p3PAABx] 
2.1.2024, 19:42:52 - INFO - Socket disconnected [id: undefined] 
2.1.2024, 19:42:52 - INFO - New connected socket [id: WBZdZyuzTd6KGg8OAABz] 
2.1.2024, 19:42:52 - INFO - Setting socket.userId = 65929bbb1a92dca186f8cac3 for socket [id: WBZdZyuzTd6KGg8OAABz] 
2.1.2024, 19:48:04 - INFO - server.js loaded... 
2.1.2024, 19:48:04 - INFO - Server listening on port http://127.0.0.1:3030/ 
2.1.2024, 19:48:06 - INFO - New connected socket [id: _sguuIDDEyNdHoM3AAAB] 
2.1.2024, 19:48:06 - INFO - Setting socket.userId = 65929bbb1a92dca186f8cac3 for socket [id: _sguuIDDEyNdHoM3AAAB] 
2.1.2024, 19:48:06 - INFO - New connected socket [id: kB_ckZ4-N_GUxlR8AAAD] 
2.1.2024, 19:48:06 - INFO - Setting socket.userId = 65929bbb1a92dca186f8cac3 for socket [id: kB_ckZ4-N_GUxlR8AAAD] 
2.1.2024, 19:48:12 - INFO - Socket disconnected [id: undefined] 
2.1.2024, 19:48:12 - INFO - New connected socket [id: xmtUyRVxIc4-TZAwAAAF] 
2.1.2024, 19:48:12 - INFO - Setting socket.userId = 65929bbb1a92dca186f8cac3 for socket [id: xmtUyRVxIc4-TZAwAAAF] 
2.1.2024, 19:48:21 - INFO - Socket disconnected [id: undefined] 
2.1.2024, 19:48:21 - INFO - New connected socket [id: RPGlJ30nXV3L7zmLAAAH] 
2.1.2024, 19:48:21 - INFO - Setting socket.userId = 65929bbb1a92dca186f8cac3 for socket [id: RPGlJ30nXV3L7zmLAAAH] 
2.1.2024, 19:48:55 - DEBUG - auth.service - signup with username: mor, fullname: Mor Mar 
2.1.2024, 19:48:56 - DEBUG - auth.route - new account created: {"username":"mor","password":"$2b$10$T2y1LZbzbkcK4eov2R9OzeIimIH85QME3.XaLGQTL8GxbCKTmh.7m","fullname":"Mor Mar","isAdmin":false,"score":0,"_id":"65944c88f1ce0872679b9f07"} 
2.1.2024, 19:48:56 - DEBUG - auth.service - login with username: mor 
2.1.2024, 19:49:16 - DEBUG - auth.service - login with username: dev 
2.1.2024, 19:49:16 - INFO - User login:  | {"_id":"65929bbb1a92dca186f8cac3","username":"dev","fullname":"Dev dav","isAdmin":true,"score":0} 
2.1.2024, 19:49:34 - INFO - Req was made | / 
2.1.2024, 19:49:34 - INFO - Req was made | / 
2.1.2024, 19:49:34 - INFO - Req was made | / 
2.1.2024, 20:00:46 - INFO - Socket disconnected [id: undefined] 
2.1.2024, 20:05:05 - INFO - New connected socket [id: 55XZDfdkGNjN6mE3AAAJ] 
2.1.2024, 20:05:50 - INFO - Socket disconnected [id: undefined] 
2.1.2024, 20:10:15 - INFO - New connected socket [id: m0NmREA4uV2_mehRAAAL] 
2.1.2024, 20:11:00 - INFO - Socket disconnected [id: undefined] 
2.1.2024, 20:15:25 - INFO - New connected socket [id: EwncMUFJkPObdtPTAAAN] 
2.1.2024, 20:16:10 - INFO - Socket disconnected [id: undefined] 
2.1.2024, 20:20:35 - INFO - New connected socket [id: CpFEFHewdxp2zDRYAAAP] 
2.1.2024, 20:21:20 - INFO - Socket disconnected [id: undefined] 
2.1.2024, 20:25:45 - INFO - New connected socket [id: gd5pJjRSpz3YJVJTAAAR] 
2.1.2024, 20:26:30 - INFO - Socket disconnected [id: undefined] 
2.1.2024, 20:30:55 - INFO - New connected socket [id: lST3OYGfJeqpiZmtAAAT] 
2.1.2024, 20:31:40 - INFO - Socket disconnected [id: undefined] 
2.1.2024, 20:36:05 - INFO - New connected socket [id: gZ_RcwY1uG_XHyrMAAAV] 
2.1.2024, 20:36:50 - INFO - Socket disconnected [id: undefined] 
2.1.2024, 20:41:15 - INFO - New connected socket [id: KpX2B_6DQKCb1YSBAAAX] 
2.1.2024, 20:42:00 - INFO - Socket disconnected [id: undefined] 
2.1.2024, 20:46:24 - INFO - New connected socket [id: mGhDkTT1OVdUvmndAAAZ] 
2.1.2024, 20:47:09 - INFO - Socket disconnected [id: undefined] 
2.1.2024, 20:51:35 - INFO - New connected socket [id: Lk22_aJ4N35hU8qBAAAb] 
2.1.2024, 20:52:20 - INFO - Socket disconnected [id: undefined] 
2.1.2024, 20:56:45 - INFO - New connected socket [id: _5_oRRr9izkx8WqXAAAd] 
2.1.2024, 20:57:30 - INFO - Socket disconnected [id: undefined] 
2.1.2024, 21:01:55 - INFO - New connected socket [id: OICnanU_guB2T4CvAAAf] 
2.1.2024, 21:02:40 - INFO - Socket disconnected [id: undefined] 
2.1.2024, 21:07:05 - INFO - New connected socket [id: dh-w4sRrrRrbiLLFAAAh] 
2.1.2024, 21:07:50 - INFO - Socket disconnected [id: undefined] 
2.1.2024, 21:12:14 - INFO - New connected socket [id: bDequfHT5inkU6r8AAAj] 
2.1.2024, 21:12:59 - INFO - Socket disconnected [id: undefined] 
2.1.2024, 21:15:41 - INFO - Socket disconnected [id: undefined] 
2.1.2024, 21:15:41 - INFO - Req was made | / 
2.1.2024, 21:15:50 - INFO - New connected socket [id: SWtghfTpgmtFvVkLAAAl] 
2.1.2024, 21:15:50 - INFO - Req was made | / 
2.1.2024, 21:15:50 - INFO - Setting socket.userId = 65929bbb1a92dca186f8cac3 for socket [id: SWtghfTpgmtFvVkLAAAl] 
2.1.2024, 21:16:43 - INFO - server.js loaded... 
2.1.2024, 21:16:43 - INFO - Server listening on port http://127.0.0.1:3030/ 
2.1.2024, 21:16:45 - INFO - New connected socket [id: XLLafhggN-XFCfKHAAAB] 
2.1.2024, 21:17:23 - INFO - New connected socket [id: u2x-2WYLmelsCj-HAAAD] 
2.1.2024, 21:17:23 - INFO - Setting socket.userId = 65929bbb1a92dca186f8cac3 for socket [id: u2x-2WYLmelsCj-HAAAD] 
2.1.2024, 21:17:24 - INFO - Socket disconnected [id: undefined] 
2.1.2024, 21:17:24 - INFO - New connected socket [id: qVCv_vd3oW3VP8wxAAAF] 
2.1.2024, 21:17:24 - INFO - Req was made | / 
2.1.2024, 21:17:24 - INFO - Setting socket.userId = 65929bbb1a92dca186f8cac3 for socket [id: qVCv_vd3oW3VP8wxAAAF] 
2.1.2024, 21:17:25 - INFO - Req was made | / 
2.1.2024, 21:17:25 - INFO - Req was made | / 
